<?xml version="1.0" encoding="UTF-8"?>
<testsuite xmlns:xsi="http://www.w3.org/2001/XMLSchema-instance" xsi:noNamespaceSchemaLocation="https://maven.apache.org/surefire/maven-surefire-plugin/xsd/surefire-test-report-3.0.xsd" version="3.0" name="com.example.DeliveryApp.repository.RegUsuRepositoryTest" time="3.425" tests="2" errors="0" skipped="0" failures="0">
  <properties>
[...]
</properties>
  <testcase name="buscarUsuarioPorUsernameTest" classname="com.example.DeliveryApp.repository.RegUsuRepositoryTest" time="0.511">
    <system-out><![CDATA[02:26:22.904 [main] INFO org.springframework.test.context.support.AnnotationConfigContextLoaderUtils -- Could not detect default configuration classes for test class [com.example.DeliveryApp.repository.RegUsuRepositoryTest]: RegUsuRepositoryTest does not declare any static, non-private, non-final, nested classes annotated with @Configuration.
02:26:22.959 [main] INFO org.springframework.boot.test.context.SpringBootTestContextBootstrapper -- Found @SpringBootConfiguration com.example.DeliveryApp.DeliveryApp for test class com.example.DeliveryApp.repository.RegUsuRepositoryTest
02:26:22.992 [main] INFO org.springframework.boot.devtools.restart.RestartApplicationListener -- Restart disabled due to context in which it is running

  .   ____          _            __ _ _
 /\\ / ___'_ __ _ _(_)_ __  __ _ \ \ \ \
( ( )\___ | '_ | '_| | '_ \/ _` | \ \ \ \
 \\/  ___)| |_)| | | | | || (_| |  ) ) ) )
  '  |____| .__|_| |_|_| |_\__, | / / / /
 =========|_|==============|___/=/_/_/_/
 :: Spring Boot ::                (v3.2.4)

2024-05-05T02:26:23.118-04:00 DEBUG 14250 --- [deliveryapp] [kground-preinit] o.h.v.i.xml.config.ValidationXmlParser   : Trying to load META-INF/validation.xml for XML based Validator configuration.
2024-05-05T02:26:23.120-04:00 DEBUG 14250 --- [deliveryapp] [kground-preinit] o.h.v.i.xml.config.ResourceLoaderHelper  : Trying to load META-INF/validation.xml via TCCL
2024-05-05T02:26:23.120-04:00 DEBUG 14250 --- [deliveryapp] [kground-preinit] o.h.v.i.xml.config.ResourceLoaderHelper  : Trying to load META-INF/validation.xml via Hibernate Validator's class loader
2024-05-05T02:26:23.120-04:00 DEBUG 14250 --- [deliveryapp] [kground-preinit] o.h.v.i.xml.config.ValidationXmlParser   : No META-INF/validation.xml found. Using annotation based configuration only.
2024-05-05T02:26:23.122-04:00 DEBUG 14250 --- [deliveryapp] [kground-preinit] o.h.v.i.e.resolver.TraversableResolvers  : Found jakarta.persistence.Persistence on classpath containing 'getPersistenceUtil'. Assuming JPA 2 environment. Trying to instantiate JPA aware TraversableResolver
2024-05-05T02:26:23.123-04:00 DEBUG 14250 --- [deliveryapp] [kground-preinit] o.h.v.i.e.resolver.TraversableResolvers  : Instantiated JPA aware TraversableResolver of type org.hibernate.validator.internal.engine.resolver.JPATraversableResolver.
2024-05-05T02:26:23.133-04:00  INFO 14250 --- [deliveryapp] [           main] c.e.D.repository.RegUsuRepositoryTest    : Starting RegUsuRepositoryTest using Java 21.0.2 with PID 14250 (started by pablojavier in /Users/pablojavier/Documents/Study/Entregas Examen /Ejemplos/deliveryapp)
2024-05-05T02:26:23.134-04:00  INFO 14250 --- [deliveryapp] [           main] c.e.D.repository.RegUsuRepositoryTest    : No active profile set, falling back to 1 default profile: "default"
2024-05-05T02:26:23.134-04:00 DEBUG 14250 --- [deliveryapp] [           main] o.s.boot.SpringApplication               : Loading source class com.example.DeliveryApp.DeliveryApp
2024-05-05T02:26:23.138-04:00 DEBUG 14250 --- [deliveryapp] [kground-preinit] .h.v.m.ResourceBundleMessageInterpolator : Loaded expression factory via original TCCL
2024-05-05T02:26:23.141-04:00 DEBUG 14250 --- [deliveryapp] [           main] s.c.a.AnnotationConfigApplicationContext : Refreshing org.springframework.context.annotation.AnnotationConfigApplicationContext@58a55449
2024-05-05T02:26:23.147-04:00 DEBUG 14250 --- [deliveryapp] [           main] o.s.b.f.s.DefaultListableBeanFactory     : Creating shared instance of singleton bean 'org.springframework.context.annotation.internalConfigurationAnnotationProcessor'
2024-05-05T02:26:23.152-04:00 DEBUG 14250 --- [deliveryapp] [           main] o.s.b.f.s.DefaultListableBeanFactory     : Creating shared instance of singleton bean 'org.springframework.boot.autoconfigure.internalCachingMetadataReaderFactory'
2024-05-05T02:26:23.176-04:00 DEBUG 14250 --- [deliveryapp] [kground-preinit] .i.e.ValidatorFactoryConfigurationHelper : HV000252: Using org.hibernate.validator.internal.engine.DefaultPropertyNodeNameProvider as property node name provider.
2024-05-05T02:26:23.179-04:00 DEBUG 14250 --- [deliveryapp] [kground-preinit] .i.e.ValidatorFactoryConfigurationHelper : HV000234: Using org.hibernate.validator.messageinterpolation.ResourceBundleMessageInterpolator as ValidatorFactory-scoped message interpolator.
2024-05-05T02:26:23.179-04:00 DEBUG 14250 --- [deliveryapp] [kground-preinit] .i.e.ValidatorFactoryConfigurationHelper : HV000234: Using org.hibernate.validator.internal.engine.resolver.JPATraversableResolver as ValidatorFactory-scoped traversable resolver.
2024-05-05T02:26:23.179-04:00 DEBUG 14250 --- [deliveryapp] [kground-preinit] .i.e.ValidatorFactoryConfigurationHelper : HV000234: Using org.hibernate.validator.internal.util.ExecutableParameterNameProvider as ValidatorFactory-scoped parameter name provider.
2024-05-05T02:26:23.179-04:00 DEBUG 14250 --- [deliveryapp] [kground-preinit] .i.e.ValidatorFactoryConfigurationHelper : HV000234: Using org.hibernate.validator.internal.engine.DefaultClockProvider as ValidatorFactory-scoped clock provider.
2024-05-05T02:26:23.179-04:00 DEBUG 14250 --- [deliveryapp] [kground-preinit] .i.e.ValidatorFactoryConfigurationHelper : HV000234: Using org.hibernate.validator.internal.engine.scripting.DefaultScriptEvaluatorFactory as ValidatorFactory-scoped script evaluator factory.
2024-05-05T02:26:23.315-04:00  INFO 14250 --- [deliveryapp] [           main] .s.d.r.c.RepositoryConfigurationDelegate : Bootstrapping Spring Data JPA repositories in DEFAULT mode.
2024-05-05T02:26:23.318-04:00 DEBUG 14250 --- [deliveryapp] [           main] o.s.b.f.s.DefaultListableBeanFactory     : Creating shared instance of singleton bean 'org.springframework.boot.autoconfigure.AutoConfigurationPackages'
2024-05-05T02:26:23.322-04:00 DEBUG 14250 --- [deliveryapp] [           main] o.s.b.a.AutoConfigurationPackages        : @EnableAutoConfiguration was declared on a class in the package 'com.example.DeliveryApp'. Automatic @Repository and @Entity scanning is enabled.
2024-05-05T02:26:23.323-04:00 DEBUG 14250 --- [deliveryapp] [           main] .s.d.r.c.RepositoryConfigurationDelegate : Scanning for JPA repositories in packages com.example.DeliveryApp.
2024-05-05T02:26:23.329-04:00 DEBUG 14250 --- [deliveryapp] [           main] o.s.d.r.c.RepositoryComponentProvider    : Identified candidate component class: file [/Users/pablojavier/Documents/Study/Entregas Examen /Ejemplos/deliveryapp/target/classes/com/example/DeliveryApp/repository/DespachoRepository.class]
2024-05-05T02:26:23.329-04:00 DEBUG 14250 --- [deliveryapp] [           main] o.s.d.r.c.RepositoryComponentProvider    : Identified candidate component class: file [/Users/pablojavier/Documents/Study/Entregas Examen /Ejemplos/deliveryapp/target/classes/com/example/DeliveryApp/repository/RolRepository.class]
2024-05-05T02:26:23.329-04:00 DEBUG 14250 --- [deliveryapp] [           main] o.s.d.r.c.RepositoryComponentProvider    : Identified candidate component class: file [/Users/pablojavier/Documents/Study/Entregas Examen /Ejemplos/deliveryapp/target/classes/com/example/DeliveryApp/repository/UsuariosRepository.class]
2024-05-05T02:26:23.350-04:00  INFO 14250 --- [deliveryapp] [           main] .s.d.r.c.RepositoryConfigurationDelegate : Finished Spring Data repository scanning in 25 ms. Found 3 JPA repository interfaces.
2024-05-05T02:26:23.374-04:00 DEBUG 14250 --- [deliveryapp] [           main] o.s.b.f.s.DefaultListableBeanFactory     : Creating shared instance of singleton bean 'org.springframework.boot.test.context.ImportsContextCustomizer$ImportsCleanupPostProcessor'
2024-05-05T02:26:23.400-04:00 DEBUG 14250 --- [deliveryapp] [           main] o.s.b.f.s.DefaultListableBeanFactory     : Creating shared instance of singleton bean 'org.springframework.boot.test.mock.mockito.MockitoPostProcessor'
2024-05-05T02:26:23.401-04:00 DEBUG 14250 --- [deliveryapp] [           main] o.s.b.f.s.DefaultListableBeanFactory     : Creating shared instance of singleton bean 'emBeanDefinitionRegistrarPostProcessor'
2024-05-05T02:26:23.401-04:00 DEBUG 14250 --- [deliveryapp] [           main] o.s.b.f.s.DefaultListableBeanFactory     : Creating shared instance of singleton bean 'org.springframework.boot.sql.init.dependency.DatabaseInitializationDependencyConfigurer$DependsOnDatabaseInitializationPostProcessor'
2024-05-05T02:26:23.412-04:00 DEBUG 14250 --- [deliveryapp] [           main] o.s.b.f.s.DefaultListableBeanFactory     : Creating shared instance of singleton bean 'org.springframework.context.event.internalEventListenerProcessor'
2024-05-05T02:26:23.413-04:00 DEBUG 14250 --- [deliveryapp] [           main] o.s.b.f.s.DefaultListableBeanFactory     : Creating shared instance of singleton bean 'org.springframework.context.event.internalEventListenerFactory'
2024-05-05T02:26:23.413-04:00 DEBUG 14250 --- [deliveryapp] [           main] o.s.b.f.s.DefaultListableBeanFactory     : Creating shared instance of singleton bean 'org.springframework.transaction.config.internalTransactionalEventListenerFactory'
2024-05-05T02:26:23.414-04:00 DEBUG 14250 --- [deliveryapp] [           main] o.s.b.f.s.DefaultListableBeanFactory     : Creating shared instance of singleton bean 'org.springframework.context.annotation.internalAutowiredAnnotationProcessor'
2024-05-05T02:26:23.415-04:00 DEBUG 14250 --- [deliveryapp] [           main] o.s.b.f.s.DefaultListableBeanFactory     : Creating shared instance of singleton bean 'org.springframework.context.annotation.internalCommonAnnotationProcessor'
2024-05-05T02:26:23.416-04:00 DEBUG 14250 --- [deliveryapp] [           main] o.s.b.f.s.DefaultListableBeanFactory     : Creating shared instance of singleton bean 'org.springframework.context.annotation.internalPersistenceAnnotationProcessor'
2024-05-05T02:26:23.416-04:00 DEBUG 14250 --- [deliveryapp] [           main] o.s.b.f.s.DefaultListableBeanFactory     : Creating shared instance of singleton bean 'org.springframework.boot.test.mock.mockito.MockitoPostProcessor$SpyPostProcessor'
2024-05-05T02:26:23.417-04:00 DEBUG 14250 --- [deliveryapp] [           main] o.s.b.f.s.DefaultListableBeanFactory     : Creating shared instance of singleton bean 'jdbcConnectionDetailsHikariBeanPostProcessor'
2024-05-05T02:26:23.418-04:00 DEBUG 14250 --- [deliveryapp] [           main] o.s.b.f.s.DefaultListableBeanFactory     : Creating shared instance of singleton bean 'org.springframework.boot.context.properties.ConfigurationPropertiesBindingPostProcessor'
2024-05-05T02:26:23.419-04:00 DEBUG 14250 --- [deliveryapp] [           main] o.s.b.f.s.DefaultListableBeanFactory     : Creating shared instance of singleton bean 'org.springframework.boot.context.internalConfigurationPropertiesBinder'
2024-05-05T02:26:23.420-04:00 DEBUG 14250 --- [deliveryapp] [           main] o.s.b.f.s.DefaultListableBeanFactory     : Creating shared instance of singleton bean 'org.springframework.aop.config.internalAutoProxyCreator'
2024-05-05T02:26:23.426-04:00 DEBUG 14250 --- [deliveryapp] [           main] o.s.b.f.s.DefaultListableBeanFactory     : Creating shared instance of singleton bean 'dataSourceScriptDatabaseInitializer'
2024-05-05T02:26:23.427-04:00 DEBUG 14250 --- [deliveryapp] [           main] o.s.b.f.s.DefaultListableBeanFactory     : Creating shared instance of singleton bean 'org.springframework.boot.autoconfigure.sql.init.DataSourceInitializationConfiguration'
2024-05-05T02:26:23.428-04:00 DEBUG 14250 --- [deliveryapp] [           main] o.s.b.f.s.DefaultListableBeanFactory     : Creating shared instance of singleton bean 'org.springframework.transaction.config.internalTransactionAdvisor'
2024-05-05T02:26:23.428-04:00 DEBUG 14250 --- [deliveryapp] [           main] o.s.b.f.s.DefaultListableBeanFactory     : Creating shared instance of singleton bean 'org.springframework.transaction.annotation.ProxyTransactionManagementConfiguration'
2024-05-05T02:26:23.436-04:00 DEBUG 14250 --- [deliveryapp] [           main] o.s.b.f.s.DefaultListableBeanFactory     : Creating shared instance of singleton bean 'transactionAttributeSource'
2024-05-05T02:26:23.436-04:00 DEBUG 14250 --- [deliveryapp] [           main] o.s.b.f.s.DefaultListableBeanFactory     : Creating shared instance of singleton bean 'transactionInterceptor'
2024-05-05T02:26:23.437-04:00 DEBUG 14250 --- [deliveryapp] [           main] o.s.b.f.s.DefaultListableBeanFactory     : Autowiring by type from bean name 'transactionInterceptor' via factory method to bean named 'transactionAttributeSource'
2024-05-05T02:26:23.439-04:00 DEBUG 14250 --- [deliveryapp] [           main] o.s.b.f.s.DefaultListableBeanFactory     : Autowiring by type from bean name 'org.springframework.transaction.config.internalTransactionAdvisor' via factory method to bean named 'transactionAttributeSource'
2024-05-05T02:26:23.439-04:00 DEBUG 14250 --- [deliveryapp] [           main] o.s.b.f.s.DefaultListableBeanFactory     : Autowiring by type from bean name 'org.springframework.transaction.config.internalTransactionAdvisor' via factory method to bean named 'transactionInterceptor'
2024-05-05T02:26:23.442-04:00 DEBUG 14250 --- [deliveryapp] [           main] o.s.b.f.s.DefaultListableBeanFactory     : Creating shared instance of singleton bean 'dataSource'
2024-05-05T02:26:23.442-04:00 DEBUG 14250 --- [deliveryapp] [           main] o.s.b.f.s.DefaultListableBeanFactory     : Creating shared instance of singleton bean 'org.springframework.boot.autoconfigure.jdbc.DataSourceConfiguration$Hikari'
2024-05-05T02:26:23.443-04:00 DEBUG 14250 --- [deliveryapp] [           main] o.s.b.f.s.DefaultListableBeanFactory     : Creating shared instance of singleton bean 'spring.datasource-org.springframework.boot.autoconfigure.jdbc.DataSourceProperties'
2024-05-05T02:26:23.444-04:00 DEBUG 14250 --- [deliveryapp] [           main] o.s.b.f.s.DefaultListableBeanFactory     : Creating shared instance of singleton bean 'org.springframework.boot.context.properties.BoundConfigurationProperties'
2024-05-05T02:26:23.454-04:00 DEBUG 14250 --- [deliveryapp] [           main] o.s.b.f.s.DefaultListableBeanFactory     : Creating shared instance of singleton bean 'jdbcConnectionDetails'
2024-05-05T02:26:23.454-04:00 DEBUG 14250 --- [deliveryapp] [           main] o.s.b.f.s.DefaultListableBeanFactory     : Creating shared instance of singleton bean 'org.springframework.boot.autoconfigure.jdbc.DataSourceAutoConfiguration$PooledDataSourceConfiguration'
2024-05-05T02:26:23.454-04:00 DEBUG 14250 --- [deliveryapp] [           main] o.s.b.f.s.DefaultListableBeanFactory     : Autowiring by type from bean name 'jdbcConnectionDetails' via factory method to bean named 'spring.datasource-org.springframework.boot.autoconfigure.jdbc.DataSourceProperties'
2024-05-05T02:26:23.455-04:00 DEBUG 14250 --- [deliveryapp] [           main] o.s.b.f.s.DefaultListableBeanFactory     : Autowiring by type from bean name 'dataSource' via factory method to bean named 'spring.datasource-org.springframework.boot.autoconfigure.jdbc.DataSourceProperties'
2024-05-05T02:26:23.455-04:00 DEBUG 14250 --- [deliveryapp] [           main] o.s.b.f.s.DefaultListableBeanFactory     : Autowiring by type from bean name 'dataSource' via factory method to bean named 'jdbcConnectionDetails'
2024-05-05T02:26:23.548-04:00 DEBUG 14250 --- [deliveryapp] [           main] o.s.b.f.s.DefaultListableBeanFactory     : Creating shared instance of singleton bean 'spring.sql.init-org.springframework.boot.autoconfigure.sql.init.SqlInitializationProperties'
2024-05-05T02:26:23.549-04:00 DEBUG 14250 --- [deliveryapp] [           main] o.s.b.f.s.DefaultListableBeanFactory     : Autowiring by type from bean name 'dataSourceScriptDatabaseInitializer' via factory method to bean named 'dataSource'
2024-05-05T02:26:23.550-04:00 DEBUG 14250 --- [deliveryapp] [           main] o.s.b.f.s.DefaultListableBeanFactory     : Autowiring by type from bean name 'dataSourceScriptDatabaseInitializer' via factory method to bean named 'spring.sql.init-org.springframework.boot.autoconfigure.sql.init.SqlInitializationProperties'
2024-05-05T02:26:23.552-04:00 DEBUG 14250 --- [deliveryapp] [           main] o.s.b.f.s.DefaultListableBeanFactory     : Creating shared instance of singleton bean 'entityManagerFactory'
2024-05-05T02:26:23.552-04:00 DEBUG 14250 --- [deliveryapp] [           main] o.s.b.f.s.DefaultListableBeanFactory     : Creating shared instance of singleton bean 'org.springframework.boot.autoconfigure.orm.jpa.HibernateJpaConfiguration'
2024-05-05T02:26:23.552-04:00 DEBUG 14250 --- [deliveryapp] [           main] o.s.b.f.s.DefaultListableBeanFactory     : Creating shared instance of singleton bean 'spring.jpa-org.springframework.boot.autoconfigure.orm.jpa.JpaProperties'
2024-05-05T02:26:23.554-04:00 DEBUG 14250 --- [deliveryapp] [           main] o.s.b.f.s.DefaultListableBeanFactory     : Creating shared instance of singleton bean 'spring.jpa.hibernate-org.springframework.boot.autoconfigure.orm.jpa.HibernateProperties'
2024-05-05T02:26:23.555-04:00 DEBUG 14250 --- [deliveryapp] [           main] o.s.b.f.s.DefaultListableBeanFactory     : Autowiring by type from bean name 'org.springframework.boot.autoconfigure.orm.jpa.HibernateJpaConfiguration' via constructor to bean named 'dataSource'
2024-05-05T02:26:23.555-04:00 DEBUG 14250 --- [deliveryapp] [           main] o.s.b.f.s.DefaultListableBeanFactory     : Autowiring by type from bean name 'org.springframework.boot.autoconfigure.orm.jpa.HibernateJpaConfiguration' via constructor to bean named 'spring.jpa-org.springframework.boot.autoconfigure.orm.jpa.JpaProperties'
2024-05-05T02:26:23.555-04:00 DEBUG 14250 --- [deliveryapp] [           main] o.s.b.f.s.DefaultListableBeanFactory     : Autowiring by type from bean name 'org.springframework.boot.autoconfigure.orm.jpa.HibernateJpaConfiguration' via constructor to bean named 'org.springframework.beans.factory.support.DefaultListableBeanFactory@537b32ef'
2024-05-05T02:26:23.556-04:00 DEBUG 14250 --- [deliveryapp] [           main] o.s.b.f.s.DefaultListableBeanFactory     : Autowiring by type from bean name 'org.springframework.boot.autoconfigure.orm.jpa.HibernateJpaConfiguration' via constructor to bean named 'spring.jpa.hibernate-org.springframework.boot.autoconfigure.orm.jpa.HibernateProperties'
2024-05-05T02:26:23.557-04:00 DEBUG 14250 --- [deliveryapp] [           main] o.s.b.f.s.DefaultListableBeanFactory     : Creating shared instance of singleton bean 'hikariPoolDataSourceMetadataProvider'
2024-05-05T02:26:23.557-04:00 DEBUG 14250 --- [deliveryapp] [           main] o.s.b.f.s.DefaultListableBeanFactory     : Creating shared instance of singleton bean 'org.springframework.boot.autoconfigure.jdbc.metadata.DataSourcePoolMetadataProvidersConfiguration$HikariPoolDataSourceMetadataProviderConfiguration'
2024-05-05T02:26:23.560-04:00 DEBUG 14250 --- [deliveryapp] [           main] o.s.b.f.s.DefaultListableBeanFactory     : Creating shared instance of singleton bean 'entityManagerFactoryBuilder'
2024-05-05T02:26:23.561-04:00 DEBUG 14250 --- [deliveryapp] [           main] o.s.b.f.s.DefaultListableBeanFactory     : Creating shared instance of singleton bean 'jpaVendorAdapter'
2024-05-05T02:26:23.566-04:00 DEBUG 14250 --- [deliveryapp] [           main] o.s.b.f.s.DefaultListableBeanFactory     : Autowiring by type from bean name 'entityManagerFactoryBuilder' via factory method to bean named 'jpaVendorAdapter'
2024-05-05T02:26:23.568-04:00 DEBUG 14250 --- [deliveryapp] [           main] o.s.b.f.s.DefaultListableBeanFactory     : Creating shared instance of singleton bean 'persistenceManagedTypes'
2024-05-05T02:26:23.568-04:00 DEBUG 14250 --- [deliveryapp] [           main] o.s.b.f.s.DefaultListableBeanFactory     : Autowiring by type from bean name 'persistenceManagedTypes' via factory method to bean named 'org.springframework.beans.factory.support.DefaultListableBeanFactory@537b32ef'
2024-05-05T02:26:23.568-04:00 DEBUG 14250 --- [deliveryapp] [           main] o.s.b.f.s.DefaultListableBeanFactory     : Autowiring by type from bean name 'persistenceManagedTypes' via factory method to bean named 'org.springframework.context.annotation.AnnotationConfigApplicationContext@58a55449'
2024-05-05T02:26:23.573-04:00 DEBUG 14250 --- [deliveryapp] [           main] o.s.b.f.s.DefaultListableBeanFactory     : Autowiring by type from bean name 'entityManagerFactory' via factory method to bean named 'entityManagerFactoryBuilder'
2024-05-05T02:26:23.573-04:00 DEBUG 14250 --- [deliveryapp] [           main] o.s.b.f.s.DefaultListableBeanFactory     : Autowiring by type from bean name 'entityManagerFactory' via factory method to bean named 'persistenceManagedTypes'
2024-05-05T02:26:23.579-04:00 DEBUG 14250 --- [deliveryapp] [           main] j.LocalContainerEntityManagerFactoryBean : Building JPA container EntityManagerFactory for persistence unit 'default'
2024-05-05T02:26:23.586-04:00 DEBUG 14250 --- [deliveryapp] [           main] o.hibernate.jpa.internal.util.LogHelper  : PersistenceUnitInfo [
	name: default
	persistence provider classname: null
	classloader: jdk.internal.loader.ClassLoaders$AppClassLoader@1cf4f579
	excludeUnlistedClasses: true
	JTA datasource: null
	Non JTA datasource: HikariDataSource (null)
	Transaction type: RESOURCE_LOCAL
	PU root URL: file:/Users/pablojavier/Documents/Study/Entregas%20Examen%20/Ejemplos/deliveryapp/target/test-classes/
	Shared Cache Mode: UNSPECIFIED
	Validation Mode: AUTO
	Jar files URLs []
	Managed classes names [
		com.example.DeliveryApp.model.Despacho
		com.example.DeliveryApp.model.Rol
		com.example.DeliveryApp.model.Usuario]
	Mapping files names []
	Properties []
2024-05-05T02:26:23.591-04:00 DEBUG 14250 --- [deliveryapp] [           main] o.h.i.internal.IntegratorServiceImpl     : Adding Integrator [org.hibernate.boot.beanvalidation.BeanValidationIntegrator].
2024-05-05T02:26:23.592-04:00 DEBUG 14250 --- [deliveryapp] [           main] o.h.i.internal.IntegratorServiceImpl     : Adding Integrator [org.hibernate.cache.internal.CollectionCacheInvalidator].
2024-05-05T02:26:23.612-04:00  INFO 14250 --- [deliveryapp] [           main] org.hibernate.Version                    : HHH000412: Hibernate ORM core version 6.4.4.Final
2024-05-05T02:26:23.612-04:00 DEBUG 14250 --- [deliveryapp] [           main] org.hibernate.cfg.Environment            : HHH000206: 'hibernate.properties' not found
2024-05-05T02:26:23.621-04:00 DEBUG 14250 --- [deliveryapp] [           main] org.hibernate.orm.idgen.factory          : Registering IdentifierGenerator strategy [uuid2] -> [org.hibernate.id.UUIDGenerator]
2024-05-05T02:26:23.621-04:00 DEBUG 14250 --- [deliveryapp] [           main] org.hibernate.orm.idgen.factory          : Registering IdentifierGenerator strategy [guid] -> [org.hibernate.id.GUIDGenerator]
2024-05-05T02:26:23.622-04:00 DEBUG 14250 --- [deliveryapp] [           main] org.hibernate.orm.idgen.factory          : Registering IdentifierGenerator strategy [uuid] -> [org.hibernate.id.UUIDHexGenerator]
2024-05-05T02:26:23.622-04:00 DEBUG 14250 --- [deliveryapp] [           main] org.hibernate.orm.idgen.factory          : Registering IdentifierGenerator strategy [uuid.hex] -> [org.hibernate.id.UUIDHexGenerator]
2024-05-05T02:26:23.622-04:00 DEBUG 14250 --- [deliveryapp] [           main] org.hibernate.orm.idgen.factory          : Registering IdentifierGenerator strategy [assigned] -> [org.hibernate.id.Assigned]
2024-05-05T02:26:23.622-04:00 DEBUG 14250 --- [deliveryapp] [           main] org.hibernate.orm.idgen.factory          : Registering IdentifierGenerator strategy [identity] -> [org.hibernate.id.IdentityGenerator]
2024-05-05T02:26:23.622-04:00 DEBUG 14250 --- [deliveryapp] [           main] org.hibernate.orm.idgen.factory          : Registering IdentifierGenerator strategy [select] -> [org.hibernate.id.SelectGenerator]
2024-05-05T02:26:23.623-04:00 DEBUG 14250 --- [deliveryapp] [           main] org.hibernate.orm.idgen.factory          : Registering IdentifierGenerator strategy [sequence] -> [org.hibernate.id.enhanced.SequenceStyleGenerator]
2024-05-05T02:26:23.623-04:00 DEBUG 14250 --- [deliveryapp] [           main] org.hibernate.orm.idgen.factory          : Registering IdentifierGenerator strategy [increment] -> [org.hibernate.id.IncrementGenerator]
2024-05-05T02:26:23.624-04:00 DEBUG 14250 --- [deliveryapp] [           main] org.hibernate.orm.idgen.factory          : Registering IdentifierGenerator strategy [foreign] -> [org.hibernate.id.ForeignGenerator]
2024-05-05T02:26:23.624-04:00 DEBUG 14250 --- [deliveryapp] [           main] org.hibernate.orm.idgen.factory          : Registering IdentifierGenerator strategy [enhanced-sequence] -> [org.hibernate.id.enhanced.SequenceStyleGenerator]
2024-05-05T02:26:23.624-04:00 DEBUG 14250 --- [deliveryapp] [           main] org.hibernate.orm.idgen.factory          : Registering IdentifierGenerator strategy [enhanced-table] -> [org.hibernate.id.enhanced.TableGenerator]
2024-05-05T02:26:23.629-04:00 DEBUG 14250 --- [deliveryapp] [           main] o.h.c.internal.RegionFactoryInitiator    : Cannot default RegionFactory based on registered strategies as `[]` RegionFactory strategies were registered
2024-05-05T02:26:23.629-04:00  INFO 14250 --- [deliveryapp] [           main] o.h.c.internal.RegionFactoryInitiator    : HHH000026: Second-level cache disabled
2024-05-05T02:26:23.664-04:00 DEBUG 14250 --- [deliveryapp] [           main] org.hibernate.type.BasicTypeRegistry     : Adding type registration boolean -> org.hibernate.type.BasicTypeReference@4ef2ab73
2024-05-05T02:26:23.664-04:00 DEBUG 14250 --- [deliveryapp] [           main] org.hibernate.type.BasicTypeRegistry     : Adding type registration boolean -> org.hibernate.type.BasicTypeReference@4ef2ab73
2024-05-05T02:26:23.664-04:00 DEBUG 14250 --- [deliveryapp] [           main] org.hibernate.type.BasicTypeRegistry     : Adding type registration java.lang.Boolean -> org.hibernate.type.BasicTypeReference@4ef2ab73
2024-05-05T02:26:23.664-04:00 DEBUG 14250 --- [deliveryapp] [           main] org.hibernate.type.BasicTypeRegistry     : Adding type registration numeric_boolean -> org.hibernate.type.BasicTypeReference@34be065a
2024-05-05T02:26:23.664-04:00 DEBUG 14250 --- [deliveryapp] [           main] org.hibernate.type.BasicTypeRegistry     : Adding type registration org.hibernate.type.NumericBooleanConverter -> org.hibernate.type.BasicTypeReference@34be065a
2024-05-05T02:26:23.664-04:00 DEBUG 14250 --- [deliveryapp] [           main] org.hibernate.type.BasicTypeRegistry     : Adding type registration true_false -> org.hibernate.type.BasicTypeReference@718f805a
2024-05-05T02:26:23.664-04:00 DEBUG 14250 --- [deliveryapp] [           main] org.hibernate.type.BasicTypeRegistry     : Adding type registration org.hibernate.type.TrueFalseConverter -> org.hibernate.type.BasicTypeReference@718f805a
2024-05-05T02:26:23.664-04:00 DEBUG 14250 --- [deliveryapp] [           main] org.hibernate.type.BasicTypeRegistry     : Adding type registration yes_no -> org.hibernate.type.BasicTypeReference@e09f1b6
2024-05-05T02:26:23.664-04:00 DEBUG 14250 --- [deliveryapp] [           main] org.hibernate.type.BasicTypeRegistry     : Adding type registration org.hibernate.type.YesNoConverter -> org.hibernate.type.BasicTypeReference@e09f1b6
2024-05-05T02:26:23.664-04:00 DEBUG 14250 --- [deliveryapp] [           main] org.hibernate.type.BasicTypeRegistry     : Adding type registration byte -> org.hibernate.type.BasicTypeReference@557b6a37
2024-05-05T02:26:23.664-04:00 DEBUG 14250 --- [deliveryapp] [           main] org.hibernate.type.BasicTypeRegistry     : Adding type registration byte -> org.hibernate.type.BasicTypeReference@557b6a37
2024-05-05T02:26:23.664-04:00 DEBUG 14250 --- [deliveryapp] [           main] org.hibernate.type.BasicTypeRegistry     : Adding type registration java.lang.Byte -> org.hibernate.type.BasicTypeReference@557b6a37
2024-05-05T02:26:23.664-04:00 DEBUG 14250 --- [deliveryapp] [           main] org.hibernate.type.BasicTypeRegistry     : Adding type registration binary -> org.hibernate.type.BasicTypeReference@11b32a14
2024-05-05T02:26:23.664-04:00 DEBUG 14250 --- [deliveryapp] [           main] org.hibernate.type.BasicTypeRegistry     : Adding type registration byte[] -> org.hibernate.type.BasicTypeReference@11b32a14
2024-05-05T02:26:23.664-04:00 DEBUG 14250 --- [deliveryapp] [           main] org.hibernate.type.BasicTypeRegistry     : Adding type registration [B -> org.hibernate.type.BasicTypeReference@11b32a14
2024-05-05T02:26:23.664-04:00 DEBUG 14250 --- [deliveryapp] [           main] org.hibernate.type.BasicTypeRegistry     : Adding type registration binary_wrapper -> org.hibernate.type.BasicTypeReference@1c33e528
2024-05-05T02:26:23.664-04:00 DEBUG 14250 --- [deliveryapp] [           main] org.hibernate.type.BasicTypeRegistry     : Adding type registration wrapper-binary -> org.hibernate.type.BasicTypeReference@1c33e528
2024-05-05T02:26:23.664-04:00 DEBUG 14250 --- [deliveryapp] [           main] org.hibernate.type.BasicTypeRegistry     : Adding type registration image -> org.hibernate.type.BasicTypeReference@5df63359
2024-05-05T02:26:23.664-04:00 DEBUG 14250 --- [deliveryapp] [           main] org.hibernate.type.BasicTypeRegistry     : Adding type registration blob -> org.hibernate.type.BasicTypeReference@53d2d002
2024-05-05T02:26:23.665-04:00 DEBUG 14250 --- [deliveryapp] [           main] org.hibernate.type.BasicTypeRegistry     : Adding type registration java.sql.Blob -> org.hibernate.type.BasicTypeReference@53d2d002
2024-05-05T02:26:23.665-04:00 DEBUG 14250 --- [deliveryapp] [           main] org.hibernate.type.BasicTypeRegistry     : Adding type registration materialized_blob -> org.hibernate.type.BasicTypeReference@5b39a3e6
2024-05-05T02:26:23.665-04:00 DEBUG 14250 --- [deliveryapp] [           main] org.hibernate.type.BasicTypeRegistry     : Adding type registration materialized_blob_wrapper -> org.hibernate.type.BasicTypeReference@5820070c
2024-05-05T02:26:23.665-04:00 DEBUG 14250 --- [deliveryapp] [           main] org.hibernate.type.BasicTypeRegistry     : Adding type registration short -> org.hibernate.type.BasicTypeReference@34208baa
2024-05-05T02:26:23.665-04:00 DEBUG 14250 --- [deliveryapp] [           main] org.hibernate.type.BasicTypeRegistry     : Adding type registration short -> org.hibernate.type.BasicTypeReference@34208baa
2024-05-05T02:26:23.665-04:00 DEBUG 14250 --- [deliveryapp] [           main] org.hibernate.type.BasicTypeRegistry     : Adding type registration java.lang.Short -> org.hibernate.type.BasicTypeReference@34208baa
2024-05-05T02:26:23.665-04:00 DEBUG 14250 --- [deliveryapp] [           main] org.hibernate.type.BasicTypeRegistry     : Adding type registration integer -> org.hibernate.type.BasicTypeReference@71370fec
2024-05-05T02:26:23.665-04:00 DEBUG 14250 --- [deliveryapp] [           main] org.hibernate.type.BasicTypeRegistry     : Adding type registration int -> org.hibernate.type.BasicTypeReference@71370fec
2024-05-05T02:26:23.665-04:00 DEBUG 14250 --- [deliveryapp] [           main] org.hibernate.type.BasicTypeRegistry     : Adding type registration java.lang.Integer -> org.hibernate.type.BasicTypeReference@71370fec
2024-05-05T02:26:23.665-04:00 DEBUG 14250 --- [deliveryapp] [           main] org.hibernate.type.BasicTypeRegistry     : Adding type registration long -> org.hibernate.type.BasicTypeReference@6707a4bf
2024-05-05T02:26:23.665-04:00 DEBUG 14250 --- [deliveryapp] [           main] org.hibernate.type.BasicTypeRegistry     : Adding type registration long -> org.hibernate.type.BasicTypeReference@6707a4bf
2024-05-05T02:26:23.665-04:00 DEBUG 14250 --- [deliveryapp] [           main] org.hibernate.type.BasicTypeRegistry     : Adding type registration java.lang.Long -> org.hibernate.type.BasicTypeReference@6707a4bf
2024-05-05T02:26:23.665-04:00 DEBUG 14250 --- [deliveryapp] [           main] org.hibernate.type.BasicTypeRegistry     : Adding type registration float -> org.hibernate.type.BasicTypeReference@3fc7c734
2024-05-05T02:26:23.665-04:00 DEBUG 14250 --- [deliveryapp] [           main] org.hibernate.type.BasicTypeRegistry     : Adding type registration float -> org.hibernate.type.BasicTypeReference@3fc7c734
2024-05-05T02:26:23.665-04:00 DEBUG 14250 --- [deliveryapp] [           main] org.hibernate.type.BasicTypeRegistry     : Adding type registration java.lang.Float -> org.hibernate.type.BasicTypeReference@3fc7c734
2024-05-05T02:26:23.665-04:00 DEBUG 14250 --- [deliveryapp] [           main] org.hibernate.type.BasicTypeRegistry     : Adding type registration double -> org.hibernate.type.BasicTypeReference@f0a66bd
2024-05-05T02:26:23.665-04:00 DEBUG 14250 --- [deliveryapp] [           main] org.hibernate.type.BasicTypeRegistry     : Adding type registration double -> org.hibernate.type.BasicTypeReference@f0a66bd
2024-05-05T02:26:23.665-04:00 DEBUG 14250 --- [deliveryapp] [           main] org.hibernate.type.BasicTypeRegistry     : Adding type registration java.lang.Double -> org.hibernate.type.BasicTypeReference@f0a66bd
2024-05-05T02:26:23.665-04:00 DEBUG 14250 --- [deliveryapp] [           main] org.hibernate.type.BasicTypeRegistry     : Adding type registration big_integer -> org.hibernate.type.BasicTypeReference@460b50df
2024-05-05T02:26:23.665-04:00 DEBUG 14250 --- [deliveryapp] [           main] org.hibernate.type.BasicTypeRegistry     : Adding type registration java.math.BigInteger -> org.hibernate.type.BasicTypeReference@460b50df
2024-05-05T02:26:23.665-04:00 DEBUG 14250 --- [deliveryapp] [           main] org.hibernate.type.BasicTypeRegistry     : Adding type registration big_decimal -> org.hibernate.type.BasicTypeReference@1cf336fd
2024-05-05T02:26:23.665-04:00 DEBUG 14250 --- [deliveryapp] [           main] org.hibernate.type.BasicTypeRegistry     : Adding type registration java.math.BigDecimal -> org.hibernate.type.BasicTypeReference@1cf336fd
2024-05-05T02:26:23.665-04:00 DEBUG 14250 --- [deliveryapp] [           main] org.hibernate.type.BasicTypeRegistry     : Adding type registration character -> org.hibernate.type.BasicTypeReference@1d0cac30
2024-05-05T02:26:23.665-04:00 DEBUG 14250 --- [deliveryapp] [           main] org.hibernate.type.BasicTypeRegistry     : Adding type registration char -> org.hibernate.type.BasicTypeReference@1d0cac30
2024-05-05T02:26:23.665-04:00 DEBUG 14250 --- [deliveryapp] [           main] org.hibernate.type.BasicTypeRegistry     : Adding type registration java.lang.Character -> org.hibernate.type.BasicTypeReference@1d0cac30
2024-05-05T02:26:23.665-04:00 DEBUG 14250 --- [deliveryapp] [           main] org.hibernate.type.BasicTypeRegistry     : Adding type registration character_nchar -> org.hibernate.type.BasicTypeReference@41ef1ea2
2024-05-05T02:26:23.666-04:00 DEBUG 14250 --- [deliveryapp] [           main] org.hibernate.type.BasicTypeRegistry     : Adding type registration string -> org.hibernate.type.BasicTypeReference@5dfe23e8
2024-05-05T02:26:23.666-04:00 DEBUG 14250 --- [deliveryapp] [           main] org.hibernate.type.BasicTypeRegistry     : Adding type registration java.lang.String -> org.hibernate.type.BasicTypeReference@5dfe23e8
2024-05-05T02:26:23.666-04:00 DEBUG 14250 --- [deliveryapp] [           main] org.hibernate.type.BasicTypeRegistry     : Adding type registration nstring -> org.hibernate.type.BasicTypeReference@583fb274
2024-05-05T02:26:23.666-04:00 DEBUG 14250 --- [deliveryapp] [           main] org.hibernate.type.BasicTypeRegistry     : Adding type registration characters -> org.hibernate.type.BasicTypeReference@202ae86f
2024-05-05T02:26:23.666-04:00 DEBUG 14250 --- [deliveryapp] [           main] org.hibernate.type.BasicTypeRegistry     : Adding type registration char[] -> org.hibernate.type.BasicTypeReference@202ae86f
2024-05-05T02:26:23.666-04:00 DEBUG 14250 --- [deliveryapp] [           main] org.hibernate.type.BasicTypeRegistry     : Adding type registration [C -> org.hibernate.type.BasicTypeReference@202ae86f
2024-05-05T02:26:23.666-04:00 DEBUG 14250 --- [deliveryapp] [           main] org.hibernate.type.BasicTypeRegistry     : Adding type registration wrapper-characters -> org.hibernate.type.BasicTypeReference@1989e8c6
2024-05-05T02:26:23.666-04:00 DEBUG 14250 --- [deliveryapp] [           main] org.hibernate.type.BasicTypeRegistry     : Adding type registration text -> org.hibernate.type.BasicTypeReference@35c4697c
2024-05-05T02:26:23.666-04:00 DEBUG 14250 --- [deliveryapp] [           main] org.hibernate.type.BasicTypeRegistry     : Adding type registration ntext -> org.hibernate.type.BasicTypeReference@104dc1a2
2024-05-05T02:26:23.666-04:00 DEBUG 14250 --- [deliveryapp] [           main] org.hibernate.type.BasicTypeRegistry     : Adding type registration clob -> org.hibernate.type.BasicTypeReference@67d32a54
2024-05-05T02:26:23.666-04:00 DEBUG 14250 --- [deliveryapp] [           main] org.hibernate.type.BasicTypeRegistry     : Adding type registration java.sql.Clob -> org.hibernate.type.BasicTypeReference@67d32a54
2024-05-05T02:26:23.666-04:00 DEBUG 14250 --- [deliveryapp] [           main] org.hibernate.type.BasicTypeRegistry     : Adding type registration nclob -> org.hibernate.type.BasicTypeReference@314a31b0
2024-05-05T02:26:23.666-04:00 DEBUG 14250 --- [deliveryapp] [           main] org.hibernate.type.BasicTypeRegistry     : Adding type registration java.sql.NClob -> org.hibernate.type.BasicTypeReference@314a31b0
2024-05-05T02:26:23.666-04:00 DEBUG 14250 --- [deliveryapp] [           main] org.hibernate.type.BasicTypeRegistry     : Adding type registration materialized_clob -> org.hibernate.type.BasicTypeReference@2753316c
2024-05-05T02:26:23.666-04:00 DEBUG 14250 --- [deliveryapp] [           main] org.hibernate.type.BasicTypeRegistry     : Adding type registration materialized_clob_char_array -> org.hibernate.type.BasicTypeReference@59edb4f5
2024-05-05T02:26:23.666-04:00 DEBUG 14250 --- [deliveryapp] [           main] org.hibernate.type.BasicTypeRegistry     : Adding type registration materialized_clob_character_array -> org.hibernate.type.BasicTypeReference@2792b416
2024-05-05T02:26:23.666-04:00 DEBUG 14250 --- [deliveryapp] [           main] org.hibernate.type.BasicTypeRegistry     : Adding type registration materialized_nclob -> org.hibernate.type.BasicTypeReference@4735d6e5
2024-05-05T02:26:23.666-04:00 DEBUG 14250 --- [deliveryapp] [           main] org.hibernate.type.BasicTypeRegistry     : Adding type registration materialized_nclob_character_array -> org.hibernate.type.BasicTypeReference@79d3473e
2024-05-05T02:26:23.666-04:00 DEBUG 14250 --- [deliveryapp] [           main] org.hibernate.type.BasicTypeRegistry     : Adding type registration materialized_nclob_char_array -> org.hibernate.type.BasicTypeReference@4dad0eed
2024-05-05T02:26:23.666-04:00 DEBUG 14250 --- [deliveryapp] [           main] org.hibernate.type.BasicTypeRegistry     : Adding type registration Duration -> org.hibernate.type.BasicTypeReference@7fad214a
2024-05-05T02:26:23.666-04:00 DEBUG 14250 --- [deliveryapp] [           main] org.hibernate.type.BasicTypeRegistry     : Adding type registration java.time.Duration -> org.hibernate.type.BasicTypeReference@7fad214a
2024-05-05T02:26:23.666-04:00 DEBUG 14250 --- [deliveryapp] [           main] org.hibernate.type.BasicTypeRegistry     : Adding type registration LocalDateTime -> org.hibernate.type.BasicTypeReference@164642a4
2024-05-05T02:26:23.666-04:00 DEBUG 14250 --- [deliveryapp] [           main] org.hibernate.type.BasicTypeRegistry     : Adding type registration java.time.LocalDateTime -> org.hibernate.type.BasicTypeReference@164642a4
2024-05-05T02:26:23.666-04:00 DEBUG 14250 --- [deliveryapp] [           main] org.hibernate.type.BasicTypeRegistry     : Adding type registration LocalDate -> org.hibernate.type.BasicTypeReference@75cf0de5
2024-05-05T02:26:23.667-04:00 DEBUG 14250 --- [deliveryapp] [           main] org.hibernate.type.BasicTypeRegistry     : Adding type registration java.time.LocalDate -> org.hibernate.type.BasicTypeReference@75cf0de5
2024-05-05T02:26:23.667-04:00 DEBUG 14250 --- [deliveryapp] [           main] org.hibernate.type.BasicTypeRegistry     : Adding type registration LocalTime -> org.hibernate.type.BasicTypeReference@50b0afd7
2024-05-05T02:26:23.667-04:00 DEBUG 14250 --- [deliveryapp] [           main] org.hibernate.type.BasicTypeRegistry     : Adding type registration java.time.LocalTime -> org.hibernate.type.BasicTypeReference@50b0afd7
2024-05-05T02:26:23.667-04:00 DEBUG 14250 --- [deliveryapp] [           main] org.hibernate.type.BasicTypeRegistry     : Adding type registration OffsetDateTime -> org.hibernate.type.BasicTypeReference@468173fa
2024-05-05T02:26:23.667-04:00 DEBUG 14250 --- [deliveryapp] [           main] org.hibernate.type.BasicTypeRegistry     : Adding type registration java.time.OffsetDateTime -> org.hibernate.type.BasicTypeReference@468173fa
2024-05-05T02:26:23.667-04:00 DEBUG 14250 --- [deliveryapp] [           main] org.hibernate.type.BasicTypeRegistry     : Adding type registration OffsetDateTimeWithTimezone -> org.hibernate.type.BasicTypeReference@62765aec
2024-05-05T02:26:23.667-04:00 DEBUG 14250 --- [deliveryapp] [           main] org.hibernate.type.BasicTypeRegistry     : Adding type registration OffsetDateTimeWithoutTimezone -> org.hibernate.type.BasicTypeReference@6f5bd362
2024-05-05T02:26:23.667-04:00 DEBUG 14250 --- [deliveryapp] [           main] org.hibernate.type.BasicTypeRegistry     : Adding type registration OffsetTime -> org.hibernate.type.BasicTypeReference@3a401749
2024-05-05T02:26:23.667-04:00 DEBUG 14250 --- [deliveryapp] [           main] org.hibernate.type.BasicTypeRegistry     : Adding type registration java.time.OffsetTime -> org.hibernate.type.BasicTypeReference@3a401749
2024-05-05T02:26:23.667-04:00 DEBUG 14250 --- [deliveryapp] [           main] org.hibernate.type.BasicTypeRegistry     : Adding type registration OffsetTimeUtc -> org.hibernate.type.BasicTypeReference@7793ad58
2024-05-05T02:26:23.667-04:00 DEBUG 14250 --- [deliveryapp] [           main] org.hibernate.type.BasicTypeRegistry     : Adding type registration OffsetTimeWithTimezone -> org.hibernate.type.BasicTypeReference@27e2287c
2024-05-05T02:26:23.667-04:00 DEBUG 14250 --- [deliveryapp] [           main] org.hibernate.type.BasicTypeRegistry     : Adding type registration OffsetTimeWithoutTimezone -> org.hibernate.type.BasicTypeReference@16132f21
2024-05-05T02:26:23.667-04:00 DEBUG 14250 --- [deliveryapp] [           main] org.hibernate.type.BasicTypeRegistry     : Adding type registration ZonedDateTime -> org.hibernate.type.BasicTypeReference@2cd388f5
2024-05-05T02:26:23.667-04:00 DEBUG 14250 --- [deliveryapp] [           main] org.hibernate.type.BasicTypeRegistry     : Adding type registration java.time.ZonedDateTime -> org.hibernate.type.BasicTypeReference@2cd388f5
2024-05-05T02:26:23.667-04:00 DEBUG 14250 --- [deliveryapp] [           main] org.hibernate.type.BasicTypeRegistry     : Adding type registration ZonedDateTimeWithTimezone -> org.hibernate.type.BasicTypeReference@4640195a
2024-05-05T02:26:23.667-04:00 DEBUG 14250 --- [deliveryapp] [           main] org.hibernate.type.BasicTypeRegistry     : Adding type registration ZonedDateTimeWithoutTimezone -> org.hibernate.type.BasicTypeReference@70d77826
2024-05-05T02:26:23.667-04:00 DEBUG 14250 --- [deliveryapp] [           main] org.hibernate.type.BasicTypeRegistry     : Adding type registration date -> org.hibernate.type.BasicTypeReference@7f323b3a
2024-05-05T02:26:23.667-04:00 DEBUG 14250 --- [deliveryapp] [           main] org.hibernate.type.BasicTypeRegistry     : Adding type registration java.sql.Date -> org.hibernate.type.BasicTypeReference@7f323b3a
2024-05-05T02:26:23.667-04:00 DEBUG 14250 --- [deliveryapp] [           main] org.hibernate.type.BasicTypeRegistry     : Adding type registration time -> org.hibernate.type.BasicTypeReference@4f169009
2024-05-05T02:26:23.667-04:00 DEBUG 14250 --- [deliveryapp] [           main] org.hibernate.type.BasicTypeRegistry     : Adding type registration java.sql.Time -> org.hibernate.type.BasicTypeReference@4f169009
2024-05-05T02:26:23.667-04:00 DEBUG 14250 --- [deliveryapp] [           main] org.hibernate.type.BasicTypeRegistry     : Adding type registration timestamp -> org.hibernate.type.BasicTypeReference@9dada78
2024-05-05T02:26:23.667-04:00 DEBUG 14250 --- [deliveryapp] [           main] org.hibernate.type.BasicTypeRegistry     : Adding type registration java.sql.Timestamp -> org.hibernate.type.BasicTypeReference@9dada78
2024-05-05T02:26:23.667-04:00 DEBUG 14250 --- [deliveryapp] [           main] org.hibernate.type.BasicTypeRegistry     : Adding type registration java.util.Date -> org.hibernate.type.BasicTypeReference@9dada78
2024-05-05T02:26:23.667-04:00 DEBUG 14250 --- [deliveryapp] [           main] org.hibernate.type.BasicTypeRegistry     : Adding type registration calendar -> org.hibernate.type.BasicTypeReference@4207852d
2024-05-05T02:26:23.667-04:00 DEBUG 14250 --- [deliveryapp] [           main] org.hibernate.type.BasicTypeRegistry     : Adding type registration java.util.Calendar -> org.hibernate.type.BasicTypeReference@4207852d
2024-05-05T02:26:23.667-04:00 DEBUG 14250 --- [deliveryapp] [           main] org.hibernate.type.BasicTypeRegistry     : Adding type registration java.util.GregorianCalendar -> org.hibernate.type.BasicTypeReference@4207852d
2024-05-05T02:26:23.668-04:00 DEBUG 14250 --- [deliveryapp] [           main] org.hibernate.type.BasicTypeRegistry     : Adding type registration calendar_date -> org.hibernate.type.BasicTypeReference@2c829dbc
2024-05-05T02:26:23.668-04:00 DEBUG 14250 --- [deliveryapp] [           main] org.hibernate.type.BasicTypeRegistry     : Adding type registration calendar_time -> org.hibernate.type.BasicTypeReference@839df62
2024-05-05T02:26:23.668-04:00 DEBUG 14250 --- [deliveryapp] [           main] org.hibernate.type.BasicTypeRegistry     : Adding type registration instant -> org.hibernate.type.BasicTypeReference@76e90da5
2024-05-05T02:26:23.668-04:00 DEBUG 14250 --- [deliveryapp] [           main] org.hibernate.type.BasicTypeRegistry     : Adding type registration java.time.Instant -> org.hibernate.type.BasicTypeReference@76e90da5
2024-05-05T02:26:23.668-04:00 DEBUG 14250 --- [deliveryapp] [           main] org.hibernate.type.BasicTypeRegistry     : Adding type registration uuid -> org.hibernate.type.BasicTypeReference@4e3e11b9
2024-05-05T02:26:23.668-04:00 DEBUG 14250 --- [deliveryapp] [           main] org.hibernate.type.BasicTypeRegistry     : Adding type registration java.util.UUID -> org.hibernate.type.BasicTypeReference@4e3e11b9
2024-05-05T02:26:23.668-04:00 DEBUG 14250 --- [deliveryapp] [           main] org.hibernate.type.BasicTypeRegistry     : Adding type registration pg-uuid -> org.hibernate.type.BasicTypeReference@4e3e11b9
2024-05-05T02:26:23.668-04:00 DEBUG 14250 --- [deliveryapp] [           main] org.hibernate.type.BasicTypeRegistry     : Adding type registration uuid-binary -> org.hibernate.type.BasicTypeReference@67cffead
2024-05-05T02:26:23.668-04:00 DEBUG 14250 --- [deliveryapp] [           main] org.hibernate.type.BasicTypeRegistry     : Adding type registration uuid-char -> org.hibernate.type.BasicTypeReference@214beff9
2024-05-05T02:26:23.668-04:00 DEBUG 14250 --- [deliveryapp] [           main] org.hibernate.type.BasicTypeRegistry     : Adding type registration class -> org.hibernate.type.BasicTypeReference@1ff15a50
2024-05-05T02:26:23.668-04:00 DEBUG 14250 --- [deliveryapp] [           main] org.hibernate.type.BasicTypeRegistry     : Adding type registration java.lang.Class -> org.hibernate.type.BasicTypeReference@1ff15a50
2024-05-05T02:26:23.668-04:00 DEBUG 14250 --- [deliveryapp] [           main] org.hibernate.type.BasicTypeRegistry     : Adding type registration currency -> org.hibernate.type.BasicTypeReference@217c23ce
2024-05-05T02:26:23.668-04:00 DEBUG 14250 --- [deliveryapp] [           main] org.hibernate.type.BasicTypeRegistry     : Adding type registration Currency -> org.hibernate.type.BasicTypeReference@217c23ce
2024-05-05T02:26:23.668-04:00 DEBUG 14250 --- [deliveryapp] [           main] org.hibernate.type.BasicTypeRegistry     : Adding type registration java.util.Currency -> org.hibernate.type.BasicTypeReference@217c23ce
2024-05-05T02:26:23.668-04:00 DEBUG 14250 --- [deliveryapp] [           main] org.hibernate.type.BasicTypeRegistry     : Adding type registration locale -> org.hibernate.type.BasicTypeReference@39de9bda
2024-05-05T02:26:23.668-04:00 DEBUG 14250 --- [deliveryapp] [           main] org.hibernate.type.BasicTypeRegistry     : Adding type registration java.util.Locale -> org.hibernate.type.BasicTypeReference@39de9bda
2024-05-05T02:26:23.668-04:00 DEBUG 14250 --- [deliveryapp] [           main] org.hibernate.type.BasicTypeRegistry     : Adding type registration serializable -> org.hibernate.type.BasicTypeReference@47148f3f
2024-05-05T02:26:23.668-04:00 DEBUG 14250 --- [deliveryapp] [           main] org.hibernate.type.BasicTypeRegistry     : Adding type registration java.io.Serializable -> org.hibernate.type.BasicTypeReference@47148f3f
2024-05-05T02:26:23.668-04:00 DEBUG 14250 --- [deliveryapp] [           main] org.hibernate.type.BasicTypeRegistry     : Adding type registration timezone -> org.hibernate.type.BasicTypeReference@52226e57
2024-05-05T02:26:23.668-04:00 DEBUG 14250 --- [deliveryapp] [           main] org.hibernate.type.BasicTypeRegistry     : Adding type registration java.util.TimeZone -> org.hibernate.type.BasicTypeReference@52226e57
2024-05-05T02:26:23.668-04:00 DEBUG 14250 --- [deliveryapp] [           main] org.hibernate.type.BasicTypeRegistry     : Adding type registration ZoneOffset -> org.hibernate.type.BasicTypeReference@1200458e
2024-05-05T02:26:23.668-04:00 DEBUG 14250 --- [deliveryapp] [           main] org.hibernate.type.BasicTypeRegistry     : Adding type registration java.time.ZoneOffset -> org.hibernate.type.BasicTypeReference@1200458e
2024-05-05T02:26:23.668-04:00 DEBUG 14250 --- [deliveryapp] [           main] org.hibernate.type.BasicTypeRegistry     : Adding type registration url -> org.hibernate.type.BasicTypeReference@5fcd1c5f
2024-05-05T02:26:23.668-04:00 DEBUG 14250 --- [deliveryapp] [           main] org.hibernate.type.BasicTypeRegistry     : Adding type registration java.net.URL -> org.hibernate.type.BasicTypeReference@5fcd1c5f
2024-05-05T02:26:23.668-04:00 DEBUG 14250 --- [deliveryapp] [           main] org.hibernate.type.BasicTypeRegistry     : Adding type registration vector -> org.hibernate.type.BasicTypeReference@3cc30dee
2024-05-05T02:26:23.668-04:00 DEBUG 14250 --- [deliveryapp] [           main] org.hibernate.type.BasicTypeRegistry     : Adding type registration row_version -> org.hibernate.type.BasicTypeReference@7d528cf7
2024-05-05T02:26:23.670-04:00 DEBUG 14250 --- [deliveryapp] [           main] org.hibernate.type.BasicTypeRegistry     : Adding type registration object -> org.hibernate.type.JavaObjectType@7bc58891
2024-05-05T02:26:23.670-04:00 DEBUG 14250 --- [deliveryapp] [           main] org.hibernate.type.BasicTypeRegistry     : Adding type registration java.lang.Object -> org.hibernate.type.JavaObjectType@7bc58891
2024-05-05T02:26:23.671-04:00 DEBUG 14250 --- [deliveryapp] [           main] org.hibernate.type.BasicTypeRegistry     : Adding type registration null -> org.hibernate.type.NullType@467b0f6e
2024-05-05T02:26:23.671-04:00 DEBUG 14250 --- [deliveryapp] [           main] org.hibernate.type.BasicTypeRegistry     : Adding type registration imm_date -> org.hibernate.type.BasicTypeReference@474179fa
2024-05-05T02:26:23.671-04:00 DEBUG 14250 --- [deliveryapp] [           main] org.hibernate.type.BasicTypeRegistry     : Adding type registration imm_time -> org.hibernate.type.BasicTypeReference@420cd102
2024-05-05T02:26:23.671-04:00 DEBUG 14250 --- [deliveryapp] [           main] org.hibernate.type.BasicTypeRegistry     : Adding type registration imm_timestamp -> org.hibernate.type.BasicTypeReference@c7f4457
2024-05-05T02:26:23.671-04:00 DEBUG 14250 --- [deliveryapp] [           main] org.hibernate.type.BasicTypeRegistry     : Adding type registration imm_calendar -> org.hibernate.type.BasicTypeReference@12e12ac9
2024-05-05T02:26:23.671-04:00 DEBUG 14250 --- [deliveryapp] [           main] org.hibernate.type.BasicTypeRegistry     : Adding type registration imm_calendar_date -> org.hibernate.type.BasicTypeReference@5e230fc6
2024-05-05T02:26:23.671-04:00 DEBUG 14250 --- [deliveryapp] [           main] org.hibernate.type.BasicTypeRegistry     : Adding type registration imm_calendar_time -> org.hibernate.type.BasicTypeReference@7a8341c1
2024-05-05T02:26:23.671-04:00 DEBUG 14250 --- [deliveryapp] [           main] org.hibernate.type.BasicTypeRegistry     : Adding type registration imm_binary -> org.hibernate.type.BasicTypeReference@ca8ef3a
2024-05-05T02:26:23.671-04:00 DEBUG 14250 --- [deliveryapp] [           main] org.hibernate.type.BasicTypeRegistry     : Adding type registration imm_serializable -> org.hibernate.type.BasicTypeReference@17043b04
2024-05-05T02:26:23.673-04:00 DEBUG 14250 --- [deliveryapp] [           main] o.h.boot.internal.BootstrapContextImpl   : Injecting JPA temp ClassLoader [org.springframework.instrument.classloading.SimpleThrowawayClassLoader@2e4389ed] into BootstrapContext; was [null]
2024-05-05T02:26:23.673-04:00 DEBUG 14250 --- [deliveryapp] [           main] o.h.boot.internal.ClassLoaderAccessImpl  : ClassLoaderAccessImpl#injectTempClassLoader(org.springframework.instrument.classloading.SimpleThrowawayClassLoader@2e4389ed) [was null]
2024-05-05T02:26:23.673-04:00 DEBUG 14250 --- [deliveryapp] [           main] o.h.boot.internal.BootstrapContextImpl   : Injecting ScanEnvironment [org.hibernate.jpa.boot.internal.StandardJpaScanEnvironmentImpl@67bd351e] into BootstrapContext; was [null]
2024-05-05T02:26:23.673-04:00 DEBUG 14250 --- [deliveryapp] [           main] o.h.boot.internal.BootstrapContextImpl   : Injecting ScanOptions [org.hibernate.boot.archive.scan.internal.StandardScanOptions@4cc7d00d] into BootstrapContext; was [org.hibernate.boot.archive.scan.internal.StandardScanOptions@468e8565]
2024-05-05T02:26:23.744-04:00  INFO 14250 --- [deliveryapp] [           main] o.s.o.j.p.SpringPersistenceUnitInfo      : No LoadTimeWeaver setup: ignoring JPA class transformer
2024-05-05T02:26:23.745-04:00 DEBUG 14250 --- [deliveryapp] [           main] o.h.boot.internal.BootstrapContextImpl   : Injecting JPA temp ClassLoader [null] into BootstrapContext; was [org.springframework.instrument.classloading.SimpleThrowawayClassLoader@2e4389ed]
2024-05-05T02:26:23.745-04:00 DEBUG 14250 --- [deliveryapp] [           main] o.h.boot.internal.ClassLoaderAccessImpl  : ClassLoaderAccessImpl#injectTempClassLoader(null) [was org.springframework.instrument.classloading.SimpleThrowawayClassLoader@2e4389ed]
2024-05-05T02:26:23.756-04:00  INFO 14250 --- [deliveryapp] [           main] com.zaxxer.hikari.HikariDataSource       : HikariPool-1 - Starting...
2024-05-05T02:26:23.758-04:00  WARN 14250 --- [deliveryapp] [           main] c.zaxxer.hikari.util.DriverDataSource    : Registered driver with driverClassName=oracle.jdbc.driver.OracleDriver was not found, trying direct instantiation.
2024-05-05T02:26:24.738-04:00  INFO 14250 --- [deliveryapp] [           main] com.zaxxer.hikari.pool.HikariPool        : HikariPool-1 - Added connection oracle.jdbc.driver.T4CConnection@601d6622
2024-05-05T02:26:24.739-04:00  INFO 14250 --- [deliveryapp] [           main] com.zaxxer.hikari.HikariDataSource       : HikariPool-1 - Start completed.
2024-05-05T02:26:24.741-04:00 DEBUG 14250 --- [deliveryapp] [           main] o.h.e.j.e.i.JdbcEnvironmentInitiator     : Database ->
       name : Oracle
    version : Oracle Database 19c Enterprise Edition Release 19.0.0.0.0 - Production
Version 19.23.0.1.0
      major : 19
      minor : 0
2024-05-05T02:26:24.742-04:00 DEBUG 14250 --- [deliveryapp] [           main] o.h.e.j.e.i.JdbcEnvironmentInitiator     : Driver ->
       name : Oracle JDBC driver
    version : 21.9.0.0.0
      major : 21
      minor : 9
2024-05-05T02:26:24.742-04:00 DEBUG 14250 --- [deliveryapp] [           main] o.h.e.j.e.i.JdbcEnvironmentInitiator     : JDBC version : 4.3
2024-05-05T02:26:24.825-04:00  WARN 14250 --- [deliveryapp] [           main] org.hibernate.orm.deprecation            : HHH90000025: OracleDialect does not need to be specified explicitly using 'hibernate.dialect' (remove the property setting and it will be selected by default)
2024-05-05T02:26:24.825-04:00 DEBUG 14250 --- [deliveryapp] [           main] org.hibernate.orm.dialect                : HHH035001: Using dialect: org.hibernate.dialect.OracleDialect, version: 19.0
2024-05-05T02:26:24.893-04:00 DEBUG 14250 --- [deliveryapp] [           main] o.h.t.d.jdbc.spi.JdbcTypeRegistry        : addDescriptor(NCharTypeDescriptor) replaced previous registration(CharTypeDescriptor)
2024-05-05T02:26:24.893-04:00 DEBUG 14250 --- [deliveryapp] [           main] o.h.t.d.jdbc.spi.JdbcTypeRegistry        : addDescriptor(NVarcharTypeDescriptor) replaced previous registration(VarcharTypeDescriptor)
2024-05-05T02:26:24.895-04:00 DEBUG 14250 --- [deliveryapp] [           main] o.h.t.d.jdbc.spi.JdbcTypeRegistry        : addDescriptor(LongNVarcharTypeDescriptor) replaced previous registration(LongVarcharTypeDescriptor)
2024-05-05T02:26:24.895-04:00 DEBUG 14250 --- [deliveryapp] [           main] o.h.t.d.jdbc.spi.JdbcTypeRegistry        : addDescriptor(NClobTypeDescriptor(DEFAULT)) replaced previous registration(ClobTypeDescriptor(DEFAULT))
2024-05-05T02:26:24.896-04:00 DEBUG 14250 --- [deliveryapp] [           main] o.h.t.d.jdbc.spi.JdbcTypeRegistry        : addDescriptor(2005, ClobTypeDescriptor(STREAM_BINDING)) replaced previous registration(ClobTypeDescriptor(DEFAULT))
2024-05-05T02:26:24.897-04:00 DEBUG 14250 --- [deliveryapp] [           main] o.h.t.d.jdbc.spi.JdbcTypeRegistry        : addDescriptor(BooleanTypeDescriptor) replaced previous registration(BooleanTypeDescriptor)
2024-05-05T02:26:24.901-04:00 DEBUG 14250 --- [deliveryapp] [           main] org.hibernate.type.BasicTypeRegistry     : Adding type registration null -> org.hibernate.type.NullType@5611bba
2024-05-05T02:26:24.902-04:00 DEBUG 14250 --- [deliveryapp] [           main] org.hibernate.type.BasicTypeRegistry     : Type registration key [null] overrode previous entry : `org.hibernate.type.NullType@467b0f6e`
2024-05-05T02:26:24.902-04:00 DEBUG 14250 --- [deliveryapp] [           main] org.hibernate.type.BasicTypeRegistry     : Adding type registration JAVA_OBJECT -> org.hibernate.type.JavaObjectType@2f07930a
2024-05-05T02:26:24.902-04:00 DEBUG 14250 --- [deliveryapp] [           main] org.hibernate.type.BasicTypeRegistry     : Adding type registration java.lang.Object -> org.hibernate.type.JavaObjectType@2f07930a
2024-05-05T02:26:24.902-04:00 DEBUG 14250 --- [deliveryapp] [           main] org.hibernate.type.BasicTypeRegistry     : Type registration key [java.lang.Object] overrode previous entry : `org.hibernate.type.JavaObjectType@7bc58891`
2024-05-05T02:26:24.904-04:00 DEBUG 14250 --- [deliveryapp] [           main] org.hibernate.type.BasicTypeRegistry     : Adding type registration org.hibernate.type.DurationType -> basicType@1(java.time.Duration,3015)
2024-05-05T02:26:24.904-04:00 DEBUG 14250 --- [deliveryapp] [           main] org.hibernate.type.BasicTypeRegistry     : Adding type registration Duration -> basicType@1(java.time.Duration,3015)
2024-05-05T02:26:24.904-04:00 DEBUG 14250 --- [deliveryapp] [           main] org.hibernate.type.BasicTypeRegistry     : Adding type registration java.time.Duration -> basicType@1(java.time.Duration,3015)
2024-05-05T02:26:24.907-04:00 DEBUG 14250 --- [deliveryapp] [           main] o.h.type.spi.TypeConfiguration$Scope     : Scoping TypeConfiguration [org.hibernate.type.spi.TypeConfiguration@2a631049] to MetadataBuildingContext [org.hibernate.boot.internal.MetadataBuildingContextRootImpl@425b5fe2]
2024-05-05T02:26:24.928-04:00 DEBUG 14250 --- [deliveryapp] [           main] o.h.boot.model.relational.Namespace      : Created database namespace [logicalName=Name{catalog=null, schema=null}, physicalName=Name{catalog=null, schema=null}]
2024-05-05T02:26:24.942-04:00 DEBUG 14250 --- [deliveryapp] [           main] o.h.boot.model.internal.EntityBinder     : Binding entity from annotated class: com.example.DeliveryApp.model.Despacho
2024-05-05T02:26:24.945-04:00 DEBUG 14250 --- [deliveryapp] [           main] o.h.boot.model.internal.EntityBinder     : Import with entity name Despacho
2024-05-05T02:26:24.948-04:00 DEBUG 14250 --- [deliveryapp] [           main] o.h.boot.model.internal.EntityBinder     : Bind entity com.example.DeliveryApp.model.Despacho on table despachos
2024-05-05T02:26:24.952-04:00 DEBUG 14250 --- [deliveryapp] [           main] o.h.boot.model.internal.AnnotatedColumn  : Binding column: AnnotatedDiscriminatorColumn(column='DTYPE')
2024-05-05T02:26:24.961-04:00 DEBUG 14250 --- [deliveryapp] [           main] o.h.boot.model.internal.AnnotatedColumn  : Binding column: AnnotatedColumn(column='id')
2024-05-05T02:26:24.962-04:00 DEBUG 14250 --- [deliveryapp] [           main] o.h.boot.internal.ClassLoaderAccessImpl  : Not known whether passed class name [com.example.DeliveryApp.model.Despacho] is safe
2024-05-05T02:26:24.962-04:00 DEBUG 14250 --- [deliveryapp] [           main] o.h.boot.internal.ClassLoaderAccessImpl  : No temp ClassLoader provided; using live ClassLoader for loading potentially unsafe class : com.example.DeliveryApp.model.Despacho
2024-05-05T02:26:24.963-04:00 DEBUG 14250 --- [deliveryapp] [           main] o.h.boot.model.internal.PropertyBinder   : MetadataSourceProcessor property id with lazy=false
2024-05-05T02:26:24.965-04:00 DEBUG 14250 --- [deliveryapp] [           main] o.h.b.m.internal.AbstractPropertyHolder  : Attempting to locate auto-apply AttributeConverter for property [com.example.DeliveryApp.model.Despacho:id]
2024-05-05T02:26:24.966-04:00 DEBUG 14250 --- [deliveryapp] [           main] o.h.b.model.internal.BasicValueBinder    : building BasicValue for id
2024-05-05T02:26:24.967-04:00 DEBUG 14250 --- [deliveryapp] [           main] org.hibernate.mapping.BasicValue         : Skipping column re-registration: despachos.id
2024-05-05T02:26:24.967-04:00 DEBUG 14250 --- [deliveryapp] [           main] o.h.boot.model.internal.PropertyBinder   : Building property id
2024-05-05T02:26:24.968-04:00 DEBUG 14250 --- [deliveryapp] [           main] o.h.boot.model.internal.BinderHelper     : #makeIdGenerator(BasicValue([Column(id)]), id, identity, , ...)
2024-05-05T02:26:24.968-04:00 DEBUG 14250 --- [deliveryapp] [           main] o.h.boot.model.internal.AnnotatedColumn  : Binding column: AnnotatedColumn(column='activo')
2024-05-05T02:26:24.968-04:00 DEBUG 14250 --- [deliveryapp] [           main] o.h.boot.model.internal.PropertyBinder   : MetadataSourceProcessor property activo with lazy=false
2024-05-05T02:26:24.968-04:00 DEBUG 14250 --- [deliveryapp] [           main] o.h.b.m.internal.AbstractPropertyHolder  : Attempting to locate auto-apply AttributeConverter for property [com.example.DeliveryApp.model.Despacho:activo]
2024-05-05T02:26:24.968-04:00 DEBUG 14250 --- [deliveryapp] [           main] o.h.b.model.internal.BasicValueBinder    : building BasicValue for activo
2024-05-05T02:26:24.968-04:00 DEBUG 14250 --- [deliveryapp] [           main] org.hibernate.mapping.BasicValue         : Skipping column re-registration: despachos.activo
2024-05-05T02:26:24.969-04:00 DEBUG 14250 --- [deliveryapp] [           main] o.h.boot.model.internal.PropertyBinder   : Building property activo
2024-05-05T02:26:24.969-04:00 DEBUG 14250 --- [deliveryapp] [           main] o.h.boot.model.internal.AnnotatedColumn  : Binding column: AnnotatedColumn(column='direccion')
2024-05-05T02:26:24.969-04:00 DEBUG 14250 --- [deliveryapp] [           main] o.h.boot.model.internal.PropertyBinder   : MetadataSourceProcessor property direccion with lazy=false
2024-05-05T02:26:24.969-04:00 DEBUG 14250 --- [deliveryapp] [           main] o.h.b.m.internal.AbstractPropertyHolder  : Attempting to locate auto-apply AttributeConverter for property [com.example.DeliveryApp.model.Despacho:direccion]
2024-05-05T02:26:24.969-04:00 DEBUG 14250 --- [deliveryapp] [           main] o.h.b.model.internal.BasicValueBinder    : building BasicValue for direccion
2024-05-05T02:26:24.969-04:00 DEBUG 14250 --- [deliveryapp] [           main] org.hibernate.mapping.BasicValue         : Skipping column re-registration: despachos.direccion
2024-05-05T02:26:24.969-04:00 DEBUG 14250 --- [deliveryapp] [           main] o.h.boot.model.internal.PropertyBinder   : Building property direccion
2024-05-05T02:26:24.970-04:00 DEBUG 14250 --- [deliveryapp] [           main] o.h.boot.model.internal.AnnotatedColumn  : Binding column: AnnotatedJoinColumn(column='usuario_id')
2024-05-05T02:26:24.970-04:00 DEBUG 14250 --- [deliveryapp] [           main] o.h.boot.model.internal.AnnotatedColumn  : Binding column: AnnotatedColumn()
2024-05-05T02:26:24.972-04:00 DEBUG 14250 --- [deliveryapp] [           main] o.h.boot.model.internal.PropertyBinder   : Building property usuario
2024-05-05T02:26:24.973-04:00 DEBUG 14250 --- [deliveryapp] [           main] o.h.b.r.c.i.ClassLoaderServiceImpl       : HHH000194: Package not found or wo package-info.java: com.example.DeliveryApp.model
2024-05-05T02:26:24.975-04:00 DEBUG 14250 --- [deliveryapp] [           main] o.h.boot.model.internal.EntityBinder     : Binding entity from annotated class: com.example.DeliveryApp.model.Rol
2024-05-05T02:26:24.976-04:00 DEBUG 14250 --- [deliveryapp] [           main] o.h.boot.model.internal.EntityBinder     : Import with entity name Rol
2024-05-05T02:26:24.976-04:00 DEBUG 14250 --- [deliveryapp] [           main] o.h.boot.model.internal.EntityBinder     : Bind entity com.example.DeliveryApp.model.Rol on table roles
2024-05-05T02:26:24.976-04:00 DEBUG 14250 --- [deliveryapp] [           main] o.h.boot.model.internal.AnnotatedColumn  : Binding column: AnnotatedDiscriminatorColumn(column='DTYPE')
2024-05-05T02:26:24.976-04:00 DEBUG 14250 --- [deliveryapp] [           main] o.h.boot.model.internal.AnnotatedColumn  : Binding column: AnnotatedColumn(column='id')
2024-05-05T02:26:24.976-04:00 DEBUG 14250 --- [deliveryapp] [           main] o.h.boot.internal.ClassLoaderAccessImpl  : Not known whether passed class name [com.example.DeliveryApp.model.Rol] is safe
2024-05-05T02:26:24.976-04:00 DEBUG 14250 --- [deliveryapp] [           main] o.h.boot.internal.ClassLoaderAccessImpl  : No temp ClassLoader provided; using live ClassLoader for loading potentially unsafe class : com.example.DeliveryApp.model.Rol
2024-05-05T02:26:24.976-04:00 DEBUG 14250 --- [deliveryapp] [           main] o.h.boot.model.internal.PropertyBinder   : MetadataSourceProcessor property id with lazy=false
2024-05-05T02:26:24.976-04:00 DEBUG 14250 --- [deliveryapp] [           main] o.h.b.m.internal.AbstractPropertyHolder  : Attempting to locate auto-apply AttributeConverter for property [com.example.DeliveryApp.model.Rol:id]
2024-05-05T02:26:24.976-04:00 DEBUG 14250 --- [deliveryapp] [           main] o.h.b.model.internal.BasicValueBinder    : building BasicValue for id
2024-05-05T02:26:24.976-04:00 DEBUG 14250 --- [deliveryapp] [           main] org.hibernate.mapping.BasicValue         : Skipping column re-registration: roles.id
2024-05-05T02:26:24.976-04:00 DEBUG 14250 --- [deliveryapp] [           main] o.h.boot.model.internal.PropertyBinder   : Building property id
2024-05-05T02:26:24.976-04:00 DEBUG 14250 --- [deliveryapp] [           main] o.h.boot.model.internal.BinderHelper     : #makeIdGenerator(BasicValue([Column(id)]), id, identity, , ...)
2024-05-05T02:26:24.977-04:00 DEBUG 14250 --- [deliveryapp] [           main] o.h.boot.model.internal.AnnotatedColumn  : Binding column: AnnotatedColumn(column='activo')
2024-05-05T02:26:24.977-04:00 DEBUG 14250 --- [deliveryapp] [           main] o.h.boot.model.internal.PropertyBinder   : MetadataSourceProcessor property activo with lazy=false
2024-05-05T02:26:24.977-04:00 DEBUG 14250 --- [deliveryapp] [           main] o.h.b.m.internal.AbstractPropertyHolder  : Attempting to locate auto-apply AttributeConverter for property [com.example.DeliveryApp.model.Rol:activo]
2024-05-05T02:26:24.977-04:00 DEBUG 14250 --- [deliveryapp] [           main] o.h.b.model.internal.BasicValueBinder    : building BasicValue for activo
2024-05-05T02:26:24.977-04:00 DEBUG 14250 --- [deliveryapp] [           main] org.hibernate.mapping.BasicValue         : Skipping column re-registration: roles.activo
2024-05-05T02:26:24.977-04:00 DEBUG 14250 --- [deliveryapp] [           main] o.h.boot.model.internal.PropertyBinder   : Building property activo
2024-05-05T02:26:24.977-04:00 DEBUG 14250 --- [deliveryapp] [           main] o.h.boot.model.internal.AnnotatedColumn  : Binding column: AnnotatedColumn(column='rol')
2024-05-05T02:26:24.977-04:00 DEBUG 14250 --- [deliveryapp] [           main] o.h.boot.model.internal.PropertyBinder   : MetadataSourceProcessor property rol with lazy=false
2024-05-05T02:26:24.977-04:00 DEBUG 14250 --- [deliveryapp] [           main] o.h.b.m.internal.AbstractPropertyHolder  : Attempting to locate auto-apply AttributeConverter for property [com.example.DeliveryApp.model.Rol:rol]
2024-05-05T02:26:24.977-04:00 DEBUG 14250 --- [deliveryapp] [           main] o.h.b.model.internal.BasicValueBinder    : building BasicValue for rol
2024-05-05T02:26:24.977-04:00 DEBUG 14250 --- [deliveryapp] [           main] org.hibernate.mapping.BasicValue         : Skipping column re-registration: roles.rol
2024-05-05T02:26:24.977-04:00 DEBUG 14250 --- [deliveryapp] [           main] o.h.boot.model.internal.PropertyBinder   : Building property rol
2024-05-05T02:26:24.977-04:00 DEBUG 14250 --- [deliveryapp] [           main] o.h.boot.model.internal.AnnotatedColumn  : Binding column: AnnotatedJoinColumn(column='usuario_id')
2024-05-05T02:26:24.977-04:00 DEBUG 14250 --- [deliveryapp] [           main] o.h.boot.model.internal.AnnotatedColumn  : Binding column: AnnotatedColumn()
2024-05-05T02:26:24.977-04:00 DEBUG 14250 --- [deliveryapp] [           main] o.h.boot.model.internal.PropertyBinder   : Building property usuario
2024-05-05T02:26:24.977-04:00 DEBUG 14250 --- [deliveryapp] [           main] o.h.b.r.c.i.ClassLoaderServiceImpl       : HHH000194: Package not found or wo package-info.java: com.example.DeliveryApp.model
2024-05-05T02:26:24.978-04:00 DEBUG 14250 --- [deliveryapp] [           main] o.h.boot.model.internal.EntityBinder     : Binding entity from annotated class: com.example.DeliveryApp.model.Usuario
2024-05-05T02:26:24.978-04:00 DEBUG 14250 --- [deliveryapp] [           main] o.h.boot.model.internal.EntityBinder     : Import with entity name Usuario
2024-05-05T02:26:24.978-04:00 DEBUG 14250 --- [deliveryapp] [           main] o.h.boot.model.internal.EntityBinder     : Bind entity com.example.DeliveryApp.model.Usuario on table usuarios
2024-05-05T02:26:24.978-04:00 DEBUG 14250 --- [deliveryapp] [           main] o.h.boot.model.internal.AnnotatedColumn  : Binding column: AnnotatedDiscriminatorColumn(column='DTYPE')
2024-05-05T02:26:24.981-04:00 DEBUG 14250 --- [deliveryapp] [           main] o.h.boot.model.internal.AnnotatedColumn  : Binding column: AnnotatedColumn(column='id')
2024-05-05T02:26:24.981-04:00 DEBUG 14250 --- [deliveryapp] [           main] o.h.boot.internal.ClassLoaderAccessImpl  : Not known whether passed class name [com.example.DeliveryApp.model.Usuario] is safe
2024-05-05T02:26:24.981-04:00 DEBUG 14250 --- [deliveryapp] [           main] o.h.boot.internal.ClassLoaderAccessImpl  : No temp ClassLoader provided; using live ClassLoader for loading potentially unsafe class : com.example.DeliveryApp.model.Usuario
2024-05-05T02:26:24.981-04:00 DEBUG 14250 --- [deliveryapp] [           main] o.h.boot.model.internal.PropertyBinder   : MetadataSourceProcessor property id with lazy=false
2024-05-05T02:26:24.981-04:00 DEBUG 14250 --- [deliveryapp] [           main] o.h.b.m.internal.AbstractPropertyHolder  : Attempting to locate auto-apply AttributeConverter for property [com.example.DeliveryApp.model.Usuario:id]
2024-05-05T02:26:24.981-04:00 DEBUG 14250 --- [deliveryapp] [           main] o.h.b.model.internal.BasicValueBinder    : building BasicValue for id
2024-05-05T02:26:24.981-04:00 DEBUG 14250 --- [deliveryapp] [           main] org.hibernate.mapping.BasicValue         : Skipping column re-registration: usuarios.id
2024-05-05T02:26:24.981-04:00 DEBUG 14250 --- [deliveryapp] [           main] o.h.boot.model.internal.PropertyBinder   : Building property id
2024-05-05T02:26:24.981-04:00 DEBUG 14250 --- [deliveryapp] [           main] o.h.boot.model.internal.BinderHelper     : #makeIdGenerator(BasicValue([Column(id)]), id, identity, , ...)
2024-05-05T02:26:24.981-04:00 DEBUG 14250 --- [deliveryapp] [           main] o.h.boot.model.internal.AnnotatedColumn  : Binding column: AnnotatedJoinColumn()
2024-05-05T02:26:24.981-04:00 DEBUG 14250 --- [deliveryapp] [           main] o.h.boot.model.internal.AnnotatedColumn  : Binding column: AnnotatedColumn()
2024-05-05T02:26:24.986-04:00 DEBUG 14250 --- [deliveryapp] [           main] o.h.boot.model.internal.AnnotatedColumn  : Binding column: IndexColumn(column='despachos_ORDER')
2024-05-05T02:26:24.986-04:00 DEBUG 14250 --- [deliveryapp] [           main] o.h.boot.model.internal.AnnotatedColumn  : Binding column: AnnotatedColumn()
2024-05-05T02:26:24.987-04:00 DEBUG 14250 --- [deliveryapp] [           main] o.h.boot.model.internal.AnnotatedColumn  : Binding column: AnnotatedColumn(column='despachos_KEY')
2024-05-05T02:26:24.987-04:00 DEBUG 14250 --- [deliveryapp] [           main] o.h.boot.model.internal.AnnotatedColumn  : Binding column: AnnotatedJoinColumn(column='despachos_KEY')
2024-05-05T02:26:24.987-04:00 DEBUG 14250 --- [deliveryapp] [           main] o.h.boot.model.internal.AnnotatedColumn  : Binding column: AnnotatedJoinColumn()
2024-05-05T02:26:24.987-04:00 DEBUG 14250 --- [deliveryapp] [           main] o.h.boot.model.internal.AnnotatedColumn  : Binding column: AnnotatedJoinColumn()
2024-05-05T02:26:24.988-04:00 DEBUG 14250 --- [deliveryapp] [           main] o.h.b.model.internal.CollectionBinder    : Collection role: com.example.DeliveryApp.model.Usuario.despachos
2024-05-05T02:26:24.989-04:00 DEBUG 14250 --- [deliveryapp] [           main] o.h.boot.model.internal.PropertyBinder   : Building property despachos
2024-05-05T02:26:24.990-04:00 DEBUG 14250 --- [deliveryapp] [           main] o.h.boot.model.internal.AnnotatedColumn  : Binding column: AnnotatedColumn(column='password')
2024-05-05T02:26:24.990-04:00 DEBUG 14250 --- [deliveryapp] [           main] o.h.boot.model.internal.PropertyBinder   : MetadataSourceProcessor property password with lazy=false
2024-05-05T02:26:24.990-04:00 DEBUG 14250 --- [deliveryapp] [           main] o.h.b.m.internal.AbstractPropertyHolder  : Attempting to locate auto-apply AttributeConverter for property [com.example.DeliveryApp.model.Usuario:password]
2024-05-05T02:26:24.991-04:00 DEBUG 14250 --- [deliveryapp] [           main] o.h.b.model.internal.BasicValueBinder    : building BasicValue for password
2024-05-05T02:26:24.991-04:00 DEBUG 14250 --- [deliveryapp] [           main] org.hibernate.mapping.BasicValue         : Skipping column re-registration: usuarios.password
2024-05-05T02:26:24.991-04:00 DEBUG 14250 --- [deliveryapp] [           main] o.h.boot.model.internal.PropertyBinder   : Building property password
2024-05-05T02:26:24.991-04:00 DEBUG 14250 --- [deliveryapp] [           main] o.h.boot.model.internal.AnnotatedColumn  : Binding column: AnnotatedJoinColumn()
2024-05-05T02:26:24.991-04:00 DEBUG 14250 --- [deliveryapp] [           main] o.h.boot.model.internal.AnnotatedColumn  : Binding column: AnnotatedColumn()
2024-05-05T02:26:24.991-04:00 DEBUG 14250 --- [deliveryapp] [           main] o.h.boot.model.internal.AnnotatedColumn  : Binding column: IndexColumn(column='roles_ORDER')
2024-05-05T02:26:24.991-04:00 DEBUG 14250 --- [deliveryapp] [           main] o.h.boot.model.internal.AnnotatedColumn  : Binding column: AnnotatedColumn()
2024-05-05T02:26:24.991-04:00 DEBUG 14250 --- [deliveryapp] [           main] o.h.boot.model.internal.AnnotatedColumn  : Binding column: AnnotatedColumn(column='roles_KEY')
2024-05-05T02:26:24.992-04:00 DEBUG 14250 --- [deliveryapp] [           main] o.h.boot.model.internal.AnnotatedColumn  : Binding column: AnnotatedJoinColumn(column='roles_KEY')
2024-05-05T02:26:24.992-04:00 DEBUG 14250 --- [deliveryapp] [           main] o.h.boot.model.internal.AnnotatedColumn  : Binding column: AnnotatedJoinColumn()
2024-05-05T02:26:24.992-04:00 DEBUG 14250 --- [deliveryapp] [           main] o.h.boot.model.internal.AnnotatedColumn  : Binding column: AnnotatedJoinColumn()
2024-05-05T02:26:24.992-04:00 DEBUG 14250 --- [deliveryapp] [           main] o.h.b.model.internal.CollectionBinder    : Collection role: com.example.DeliveryApp.model.Usuario.roles
2024-05-05T02:26:24.992-04:00 DEBUG 14250 --- [deliveryapp] [           main] o.h.boot.model.internal.PropertyBinder   : Building property roles
2024-05-05T02:26:24.992-04:00 DEBUG 14250 --- [deliveryapp] [           main] o.h.boot.model.internal.AnnotatedColumn  : Binding column: AnnotatedColumn(column='username')
2024-05-05T02:26:24.992-04:00 DEBUG 14250 --- [deliveryapp] [           main] o.h.boot.model.internal.PropertyBinder   : MetadataSourceProcessor property username with lazy=false
2024-05-05T02:26:24.992-04:00 DEBUG 14250 --- [deliveryapp] [           main] o.h.b.m.internal.AbstractPropertyHolder  : Attempting to locate auto-apply AttributeConverter for property [com.example.DeliveryApp.model.Usuario:username]
2024-05-05T02:26:24.992-04:00 DEBUG 14250 --- [deliveryapp] [           main] o.h.b.model.internal.BasicValueBinder    : building BasicValue for username
2024-05-05T02:26:24.992-04:00 DEBUG 14250 --- [deliveryapp] [           main] org.hibernate.mapping.BasicValue         : Skipping column re-registration: usuarios.username
2024-05-05T02:26:24.992-04:00 DEBUG 14250 --- [deliveryapp] [           main] o.h.boot.model.internal.PropertyBinder   : Building property username
2024-05-05T02:26:24.992-04:00 DEBUG 14250 --- [deliveryapp] [           main] o.h.b.r.c.i.ClassLoaderServiceImpl       : HHH000194: Package not found or wo package-info.java: com.example.DeliveryApp.model
2024-05-05T02:26:24.993-04:00 DEBUG 14250 --- [deliveryapp] [           main] o.h.b.model.internal.BasicValueBinder    : Starting `BasicValueBinder#fillSimpleValue` for id
2024-05-05T02:26:24.994-04:00 DEBUG 14250 --- [deliveryapp] [           main] o.h.b.model.internal.BasicValueBinder    : Starting `BasicValueBinder#fillSimpleValue` for activo
2024-05-05T02:26:24.994-04:00 DEBUG 14250 --- [deliveryapp] [           main] o.h.b.model.internal.BasicValueBinder    : Starting `BasicValueBinder#fillSimpleValue` for direccion
2024-05-05T02:26:24.994-04:00 DEBUG 14250 --- [deliveryapp] [           main] o.h.b.model.internal.BasicValueBinder    : Starting `BasicValueBinder#fillSimpleValue` for id
2024-05-05T02:26:24.994-04:00 DEBUG 14250 --- [deliveryapp] [           main] o.h.b.model.internal.BasicValueBinder    : Starting `BasicValueBinder#fillSimpleValue` for activo
[...]
2024-05-05T02:26:26.006-04:00 DEBUG 14250 --- [deliveryapp] [           main] org.springframework.test.context.cache   : Spring test ApplicationContext cache statistics: [DefaultContextCache@260fffec size = 1, maxSize = 32, parentContextCount = 0, hitCount = 5, missCount = 1, failureCount = 0]
2024-05-05T02:26:26.012-04:00 DEBUG 14250 --- [deliveryapp] [           main] o.s.orm.jpa.JpaTransactionManager        : Found thread-bound EntityManager [SessionImpl(1671164933<open>)] for JPA transaction
2024-05-05T02:26:26.012-04:00 DEBUG 14250 --- [deliveryapp] [           main] o.s.orm.jpa.JpaTransactionManager        : Participating in existing transaction
2024-05-05T02:26:26.014-04:00 DEBUG 14250 --- [deliveryapp] [           main] o.h.j.internal.PersistenceUnitUtilImpl   : jakarta.persistence.PersistenceUnitUtil.getIdentifier is only intended to work with enhanced entities (although Hibernate also adapts this support to its proxies); however the passed entity was not enhanced (nor a proxy).. may not be able to read identifier
2024-05-05T02:26:26.020-04:00 DEBUG 14250 --- [deliveryapp] [           main] org.hibernate.engine.spi.ActionQueue     : Executing identity-insert immediately
2024-05-05T02:26:26.032-04:00 DEBUG 14250 --- [deliveryapp] [           main] org.hibernate.SQL                        : insert into usuarios (password,username,id) values (?,?,default)
Hibernate: insert into usuarios (password,username,id) values (?,?,default)
2024-05-05T02:26:26.085-04:00 DEBUG 14250 --- [deliveryapp] [           main] o.h.id.IdentifierGeneratorHelper         : Natively generated identity (com.example.DeliveryApp.model.Usuario) : 29
2024-05-05T02:26:26.118-04:00 DEBUG 14250 --- [deliveryapp] [           main] org.hibernate.orm.sql.ast.create         : Created new SQL alias : u1_0
2024-05-05T02:26:26.118-04:00 DEBUG 14250 --- [deliveryapp] [           main] org.hibernate.orm.sql.ast.create         : Registration of TableGroup [StandardTableGroup(com.example.DeliveryApp.model.Usuario(108870718931541))] with identifierForTableGroup [com.example.DeliveryApp.model.Usuario] for NavigablePath [com.example.DeliveryApp.model.Usuario] 
2024-05-05T02:26:26.122-04:00 DEBUG 14250 --- [deliveryapp] [           main] o.h.q.sqm.sql.BaseSqmToSqlAstConverter   : Determining mapping-model type for SqmParameter : org.hibernate.query.sqm.tree.expression.SqmJpaCriteriaParameterWrapper@7baea18b
2024-05-05T02:26:26.122-04:00 DEBUG 14250 --- [deliveryapp] [           main] o.h.q.sqm.sql.BaseSqmToSqlAstConverter   : Determining mapping-model type for SqmPath : SqmBasicValuedSimplePath(com.example.DeliveryApp.model.Usuario(108870718931541).username) 
2024-05-05T02:26:26.124-04:00 DEBUG 14250 --- [deliveryapp] [           main] org.hibernate.orm.results.graph.AST      : DomainResult Graph:
 \-EntityResultImpl [com.example.DeliveryApp.model.Usuario(108870718931541)]
 |  +-DelayedCollectionFetch [com.example.DeliveryApp.model.Usuario(108870718931541).despachos]
 |  +-BasicFetch [com.example.DeliveryApp.model.Usuario(108870718931541).password]
 |  +-DelayedCollectionFetch [com.example.DeliveryApp.model.Usuario(108870718931541).roles]
 |  \-BasicFetch [com.example.DeliveryApp.model.Usuario(108870718931541).username]

2024-05-05T02:26:26.124-04:00 DEBUG 14250 --- [deliveryapp] [           main] org.hibernate.orm.sql.ast.tree           : SQL AST Tree:
    SelectStatement {
      FromClause {
        StandardTableGroup (u1 : com.example.DeliveryApp.model.Usuario(108870718931541)) {
          primaryTableReference : usuarios as u1_0
        }
      }
    }

2024-05-05T02:26:26.126-04:00 DEBUG 14250 --- [deliveryapp] [           main] o.h.e.i.AbstractFlushingEventListener    : Processing flush-time cascades
2024-05-05T02:26:26.126-04:00 DEBUG 14250 --- [deliveryapp] [           main] o.h.e.i.AbstractFlushingEventListener    : Dirty checking collections
2024-05-05T02:26:26.128-04:00 DEBUG 14250 --- [deliveryapp] [           main] o.h.e.i.AbstractFlushingEventListener    : Flushed: 0 insertions, 0 updates, 0 deletions to 1 objects
2024-05-05T02:26:26.128-04:00 DEBUG 14250 --- [deliveryapp] [           main] o.h.e.i.AbstractFlushingEventListener    : Flushed: 0 (re)creations, 0 updates, 0 removals to 0 collections
2024-05-05T02:26:26.128-04:00 DEBUG 14250 --- [deliveryapp] [           main] o.hibernate.internal.util.EntityPrinter  : Listing entities:
2024-05-05T02:26:26.128-04:00 DEBUG 14250 --- [deliveryapp] [           main] o.hibernate.internal.util.EntityPrinter  : com.example.DeliveryApp.model.Usuario{password=password_prueba, roles=null, id=29, despachos=null, username=usuario_prueba}
2024-05-05T02:26:26.131-04:00 DEBUG 14250 --- [deliveryapp] [           main] org.hibernate.orm.sql.exec               : Skipping reading Query result cache data: cache-enabled = false, cache-mode = NORMAL
2024-05-05T02:26:26.137-04:00 DEBUG 14250 --- [deliveryapp] [           main] org.hibernate.orm.results                : Initializer list:
	  com.example.DeliveryApp.model.Usuario(108870718931541) -> EntityResultInitializer(com.example.DeliveryApp.model.Usuario(108870718931541))@1826145139 (SingleTableEntityPersister(com.example.DeliveryApp.model.Usuario))
	  com.example.DeliveryApp.model.Usuario(108870718931541).roles -> DelayedCollectionInitializer(com.example.DeliveryApp.model.Usuario(108870718931541).roles)@1151309352 (PluralAttribute(com.example.DeliveryApp.model.Usuario.roles))
	  com.example.DeliveryApp.model.Usuario(108870718931541).despachos -> DelayedCollectionInitializer(com.example.DeliveryApp.model.Usuario(108870718931541).despachos)@1922191129 (PluralAttribute(com.example.DeliveryApp.model.Usuario.despachos))

2024-05-05T02:26:26.138-04:00 DEBUG 14250 --- [deliveryapp] [           main] org.hibernate.SQL                        : select u1_0.id,u1_0.password,u1_0.username from usuarios u1_0 where u1_0.username=?
Hibernate: select u1_0.id,u1_0.password,u1_0.username from usuarios u1_0 where u1_0.username=?
2024-05-05T02:26:26.157-04:00 DEBUG 14250 --- [deliveryapp] [           main] org.hibernate.orm.results                : Extracted JDBC value [0] - [29]
2024-05-05T02:26:26.157-04:00 DEBUG 14250 --- [deliveryapp] [           main] o.hibernate.orm.results.loading.entity   : (EntityResultInitializer) Hydrated EntityKey (com.example.DeliveryApp.model.Usuario(108870718931541)): 29
2024-05-05T02:26:26.157-04:00 DEBUG 14250 --- [deliveryapp] [           main] org.hibernate.orm.results                : Extracted JDBC value [0] - [29]
2024-05-05T02:26:26.157-04:00 DEBUG 14250 --- [deliveryapp] [           main] o.h.o.r.l.o.h.o.r.loading.collection     : (DelayedCollectionInitializer) Current row collection key : com.example.DeliveryApp.model.Usuario(108870718931541).despachos#29
2024-05-05T02:26:26.157-04:00 DEBUG 14250 --- [deliveryapp] [           main] org.hibernate.orm.results                : Extracted JDBC value [0] - [29]
2024-05-05T02:26:26.157-04:00 DEBUG 14250 --- [deliveryapp] [           main] o.h.o.r.l.o.h.o.r.loading.collection     : (DelayedCollectionInitializer) Current row collection key : com.example.DeliveryApp.model.Usuario(108870718931541).roles#29
2024-05-05T02:26:26.157-04:00 DEBUG 14250 --- [deliveryapp] [           main] org.hibernate.orm.results.loading        : Calling top-level assembler (0 / 1) : org.hibernate.sql.results.graph.entity.internal.EntityAssembler@251db193
2024-05-05T02:26:26.161-04:00 DEBUG 14250 --- [deliveryapp] [           main] org.springframework.test.context.cache   : Spring test ApplicationContext cache statistics: [DefaultContextCache@260fffec size = 1, maxSize = 32, parentContextCount = 0, hitCount = 6, missCount = 1, failureCount = 0]
2024-05-05T02:26:26.161-04:00 DEBUG 14250 --- [deliveryapp] [           main] org.springframework.test.context.cache   : Spring test ApplicationContext cache statistics: [DefaultContextCache@260fffec size = 1, maxSize = 32, parentContextCount = 0, hitCount = 7, missCount = 1, failureCount = 0]
2024-05-05T02:26:26.161-04:00 DEBUG 14250 --- [deliveryapp] [           main] org.springframework.test.context.cache   : Spring test ApplicationContext cache statistics: [DefaultContextCache@260fffec size = 1, maxSize = 32, parentContextCount = 0, hitCount = 8, missCount = 1, failureCount = 0]
2024-05-05T02:26:26.162-04:00 DEBUG 14250 --- [deliveryapp] [           main] org.springframework.test.context.cache   : Spring test ApplicationContext cache statistics: [DefaultContextCache@260fffec size = 1, maxSize = 32, parentContextCount = 0, hitCount = 9, missCount = 1, failureCount = 0]
2024-05-05T02:26:26.162-04:00 DEBUG 14250 --- [deliveryapp] [           main] org.springframework.test.context.cache   : Spring test ApplicationContext cache statistics: [DefaultContextCache@260fffec size = 1, maxSize = 32, parentContextCount = 0, hitCount = 10, missCount = 1, failureCount = 0]
2024-05-05T02:26:26.162-04:00 DEBUG 14250 --- [deliveryapp] [           main] org.springframework.test.context.cache   : Spring test ApplicationContext cache statistics: [DefaultContextCache@260fffec size = 1, maxSize = 32, parentContextCount = 0, hitCount = 11, missCount = 1, failureCount = 0]
2024-05-05T02:26:26.163-04:00 DEBUG 14250 --- [deliveryapp] [           main] o.s.orm.jpa.JpaTransactionManager        : Initiating transaction rollback
2024-05-05T02:26:26.163-04:00 DEBUG 14250 --- [deliveryapp] [           main] o.s.orm.jpa.JpaTransactionManager        : Rolling back JPA transaction on EntityManager [SessionImpl(1671164933<open>)]
2024-05-05T02:26:26.163-04:00 DEBUG 14250 --- [deliveryapp] [           main] o.h.e.t.internal.TransactionImpl         : rolling back
2024-05-05T02:26:26.182-04:00 DEBUG 14250 --- [deliveryapp] [           main] o.s.orm.jpa.JpaTransactionManager        : Closing JPA EntityManager [SessionImpl(1671164933<open>)] after transaction
2024-05-05T02:26:26.182-04:00 DEBUG 14250 --- [deliveryapp] [           main] o.s.t.c.transaction.TransactionContext   : Rolled back transaction (1) for test class [com.example.DeliveryApp.repository.RegUsuRepositoryTest]; test method [buscarUsuarioPorUsernameTest]
2024-05-05T02:26:26.182-04:00 DEBUG 14250 --- [deliveryapp] [           main] .c.s.DirtiesContextTestExecutionListener : After test method: class [RegUsuRepositoryTest], method [buscarUsuarioPorUsernameTest], class annotated with @DirtiesContext [false] with mode [null], method annotated with @DirtiesContext [false] with mode [null]
]]></system-out>
    <system-err><![CDATA[WARNING: A Java agent has been loaded dynamically (/Users/pablojavier/.m2/repository/net/bytebuddy/byte-buddy-agent/1.14.12/byte-buddy-agent-1.14.12.jar)
WARNING: If a serviceability tool is in use, please run with -XX:+EnableDynamicAgentLoading to hide this warning
WARNING: If a serviceability tool is not in use, please run with -Djdk.instrument.traceUsage for more information
WARNING: Dynamic loading of agents will be disallowed by default in a future release
]]></system-err>
  </testcase>
  <testcase name="guardarUsuarioTest" classname="com.example.DeliveryApp.repository.RegUsuRepositoryTest" time="0.056">
    <system-out><![CDATA[2024-05-05T02:26:26.185-04:00 DEBUG 14250 --- [deliveryapp] [           main] DependencyInjectionTestExecutionListener : Performing dependency injection for test class com.example.DeliveryApp.repository.RegUsuRepositoryTest
2024-05-05T02:26:26.185-04:00 DEBUG 14250 --- [deliveryapp] [           main] org.springframework.test.context.cache   : Spring test ApplicationContext cache statistics: [DefaultContextCache@260fffec size = 1, maxSize = 32, parentContextCount = 0, hitCount = 12, missCount = 1, failureCount = 0]
2024-05-05T02:26:26.185-04:00 DEBUG 14250 --- [deliveryapp] [           main] org.springframework.test.context.cache   : Spring test ApplicationContext cache statistics: [DefaultContextCache@260fffec size = 1, maxSize = 32, parentContextCount = 0, hitCount = 13, missCount = 1, failureCount = 0]
2024-05-05T02:26:26.186-04:00 DEBUG 14250 --- [deliveryapp] [           main] sContextBeforeModesTestExecutionListener : Before test method: class [RegUsuRepositoryTest], method [guardarUsuarioTest], class annotated with @DirtiesContext [false] with mode [null], method annotated with @DirtiesContext [false] with mode [null]
2024-05-05T02:26:26.186-04:00 DEBUG 14250 --- [deliveryapp] [           main] t.c.t.TransactionalTestExecutionListener : Explicit transaction definition [PROPAGATION_REQUIRED,ISOLATION_DEFAULT] found for test class [com.example.DeliveryApp.repository.RegUsuRepositoryTest] and test method [guardarUsuarioTest]
2024-05-05T02:26:26.186-04:00 DEBUG 14250 --- [deliveryapp] [           main] org.springframework.test.context.cache   : Spring test ApplicationContext cache statistics: [DefaultContextCache@260fffec size = 1, maxSize = 32, parentContextCount = 0, hitCount = 14, missCount = 1, failureCount = 0]
2024-05-05T02:26:26.186-04:00 DEBUG 14250 --- [deliveryapp] [           main] t.c.t.TransactionalTestExecutionListener : No method-level @Rollback override: using default rollback [true] for test method [public void com.example.DeliveryApp.repository.RegUsuRepositoryTest.guardarUsuarioTest()]
2024-05-05T02:26:26.186-04:00 DEBUG 14250 --- [deliveryapp] [           main] o.s.orm.jpa.JpaTransactionManager        : Creating new transaction with name [com.example.DeliveryApp.repository.RegUsuRepositoryTest.guardarUsuarioTest]: PROPAGATION_REQUIRED,ISOLATION_DEFAULT
2024-05-05T02:26:26.186-04:00 DEBUG 14250 --- [deliveryapp] [           main] o.s.orm.jpa.JpaTransactionManager        : Opened new EntityManager [SessionImpl(1830305819<open>)] for JPA transaction
2024-05-05T02:26:26.186-04:00 DEBUG 14250 --- [deliveryapp] [           main] o.h.e.t.internal.TransactionImpl         : On TransactionImpl creation, JpaCompliance#isJpaTransactionComplianceEnabled == false
2024-05-05T02:26:26.186-04:00 DEBUG 14250 --- [deliveryapp] [           main] o.h.e.t.internal.TransactionImpl         : begin
2024-05-05T02:26:26.186-04:00 DEBUG 14250 --- [deliveryapp] [           main] o.s.orm.jpa.JpaTransactionManager        : Exposing JPA transaction as JDBC [org.springframework.orm.jpa.vendor.HibernateJpaDialect$HibernateConnectionHandle@1ebcfcf1]
2024-05-05T02:26:26.186-04:00 DEBUG 14250 --- [deliveryapp] [           main] o.s.t.c.transaction.TransactionContext   : Began transaction (1) for test class [com.example.DeliveryApp.repository.RegUsuRepositoryTest]; test method [guardarUsuarioTest]; transaction manager [org.springframework.orm.jpa.JpaTransactionManager@e2498a3]; rollback [true]
2024-05-05T02:26:26.186-04:00 DEBUG 14250 --- [deliveryapp] [           main] org.springframework.test.context.cache   : Spring test ApplicationContext cache statistics: [DefaultContextCache@260fffec size = 1, maxSize = 32, parentContextCount = 0, hitCount = 15, missCount = 1, failureCount = 0]
2024-05-05T02:26:26.186-04:00 DEBUG 14250 --- [deliveryapp] [           main] org.springframework.test.context.cache   : Spring test ApplicationContext cache statistics: [DefaultContextCache@260fffec size = 1, maxSize = 32, parentContextCount = 0, hitCount = 16, missCount = 1, failureCount = 0]
2024-05-05T02:26:26.187-04:00 DEBUG 14250 --- [deliveryapp] [           main] org.springframework.test.context.cache   : Spring test ApplicationContext cache statistics: [DefaultContextCache@260fffec size = 1, maxSize = 32, parentContextCount = 0, hitCount = 17, missCount = 1, failureCount = 0]
2024-05-05T02:26:26.187-04:00 DEBUG 14250 --- [deliveryapp] [           main] o.s.orm.jpa.JpaTransactionManager        : Found thread-bound EntityManager [SessionImpl(1830305819<open>)] for JPA transaction
2024-05-05T02:26:26.187-04:00 DEBUG 14250 --- [deliveryapp] [           main] o.s.orm.jpa.JpaTransactionManager        : Participating in existing transaction
2024-05-05T02:26:26.187-04:00 DEBUG 14250 --- [deliveryapp] [           main] o.h.j.internal.PersistenceUnitUtilImpl   : jakarta.persistence.PersistenceUnitUtil.getIdentifier is only intended to work with enhanced entities (although Hibernate also adapts this support to its proxies); however the passed entity was not enhanced (nor a proxy).. may not be able to read identifier
2024-05-05T02:26:26.187-04:00 DEBUG 14250 --- [deliveryapp] [           main] org.hibernate.engine.spi.ActionQueue     : Executing identity-insert immediately
2024-05-05T02:26:26.188-04:00 DEBUG 14250 --- [deliveryapp] [           main] org.hibernate.SQL                        : insert into usuarios (password,username,id) values (?,?,default)
Hibernate: insert into usuarios (password,username,id) values (?,?,default)
2024-05-05T02:26:26.223-04:00 DEBUG 14250 --- [deliveryapp] [           main] o.h.id.IdentifierGeneratorHelper         : Natively generated identity (com.example.DeliveryApp.model.Usuario) : 30
2024-05-05T02:26:26.223-04:00 DEBUG 14250 --- [deliveryapp] [           main] org.springframework.test.context.cache   : Spring test ApplicationContext cache statistics: [DefaultContextCache@260fffec size = 1, maxSize = 32, parentContextCount = 0, hitCount = 18, missCount = 1, failureCount = 0]
2024-05-05T02:26:26.223-04:00 DEBUG 14250 --- [deliveryapp] [           main] org.springframework.test.context.cache   : Spring test ApplicationContext cache statistics: [DefaultContextCache@260fffec size = 1, maxSize = 32, parentContextCount = 0, hitCount = 19, missCount = 1, failureCount = 0]
2024-05-05T02:26:26.223-04:00 DEBUG 14250 --- [deliveryapp] [           main] org.springframework.test.context.cache   : Spring test ApplicationContext cache statistics: [DefaultContextCache@260fffec size = 1, maxSize = 32, parentContextCount = 0, hitCount = 20, missCount = 1, failureCount = 0]
2024-05-05T02:26:26.223-04:00 DEBUG 14250 --- [deliveryapp] [           main] org.springframework.test.context.cache   : Spring test ApplicationContext cache statistics: [DefaultContextCache@260fffec size = 1, maxSize = 32, parentContextCount = 0, hitCount = 21, missCount = 1, failureCount = 0]
2024-05-05T02:26:26.223-04:00 DEBUG 14250 --- [deliveryapp] [           main] org.springframework.test.context.cache   : Spring test ApplicationContext cache statistics: [DefaultContextCache@260fffec size = 1, maxSize = 32, parentContextCount = 0, hitCount = 22, missCount = 1, failureCount = 0]
2024-05-05T02:26:26.224-04:00 DEBUG 14250 --- [deliveryapp] [           main] org.springframework.test.context.cache   : Spring test ApplicationContext cache statistics: [DefaultContextCache@260fffec size = 1, maxSize = 32, parentContextCount = 0, hitCount = 23, missCount = 1, failureCount = 0]
2024-05-05T02:26:26.224-04:00 DEBUG 14250 --- [deliveryapp] [           main] o.s.orm.jpa.JpaTransactionManager        : Initiating transaction rollback
2024-05-05T02:26:26.224-04:00 DEBUG 14250 --- [deliveryapp] [           main] o.s.orm.jpa.JpaTransactionManager        : Rolling back JPA transaction on EntityManager [SessionImpl(1830305819<open>)]
2024-05-05T02:26:26.224-04:00 DEBUG 14250 --- [deliveryapp] [           main] o.h.e.t.internal.TransactionImpl         : rolling back
2024-05-05T02:26:26.241-04:00 DEBUG 14250 --- [deliveryapp] [           main] o.s.orm.jpa.JpaTransactionManager        : Closing JPA EntityManager [SessionImpl(1830305819<open>)] after transaction
2024-05-05T02:26:26.241-04:00 DEBUG 14250 --- [deliveryapp] [           main] o.s.t.c.transaction.TransactionContext   : Rolled back transaction (1) for test class [com.example.DeliveryApp.repository.RegUsuRepositoryTest]; test method [guardarUsuarioTest]
2024-05-05T02:26:26.241-04:00 DEBUG 14250 --- [deliveryapp] [           main] .c.s.DirtiesContextTestExecutionListener : After test method: class [RegUsuRepositoryTest], method [guardarUsuarioTest], class annotated with @DirtiesContext [false] with mode [null], method annotated with @DirtiesContext [false] with mode [null]
]]></system-out>
  </testcase>
</testsuite>